Unity Editor version:    2021.3.11f1 (0a5ca18544bf)
Branch:                  2021.3/staging
Build type:              Release
Batch mode:              YES
macOS version:           Version 13.0.1 (Build 22A400)
Darwin version:          22.1.0
Architecture:            arm64
Running under Rosetta:   NO
Available memory:        16384 MB
Using pre-set license
Pro License: YES

COMMAND LINE ARGUMENTS:
/Applications/Unity/Hub/Editor/2021.3.11f1/Unity.app/Contents/MacOS/Unity
-adb2
-batchMode
-noUpm
-name
AssetImportWorker0
-projectPath
/Users/billw/Unity Projects/EscaPeaSF/EscaPeaSF_1
-logFile
Logs/AssetImportWorker0.log
-srvPort
52093
Successfully changed project path to: /Users/billw/Unity Projects/EscaPeaSF/EscaPeaSF_1
/Users/billw/Unity Projects/EscaPeaSF/EscaPeaSF_1
[UnityMemory] Configuration Parameters - Can be set up in boot.config
    "memorysetup-bucket-allocator-granularity=16"
    "memorysetup-bucket-allocator-bucket-count=8"
    "memorysetup-bucket-allocator-block-size=33554432"
    "memorysetup-bucket-allocator-block-count=8"
    "memorysetup-main-allocator-block-size=16777216"
    "memorysetup-thread-allocator-block-size=16777216"
    "memorysetup-gfx-main-allocator-block-size=16777216"
    "memorysetup-gfx-thread-allocator-block-size=16777216"
    "memorysetup-cache-allocator-block-size=4194304"
    "memorysetup-typetree-allocator-block-size=2097152"
    "memorysetup-profiler-bucket-allocator-granularity=16"
    "memorysetup-profiler-bucket-allocator-bucket-count=8"
    "memorysetup-profiler-bucket-allocator-block-size=33554432"
    "memorysetup-profiler-bucket-allocator-block-count=8"
    "memorysetup-profiler-allocator-block-size=16777216"
    "memorysetup-profiler-editor-allocator-block-size=1048576"
    "memorysetup-temp-allocator-size-main=16777216"
    "memorysetup-job-temp-allocator-block-size=2097152"
    "memorysetup-job-temp-allocator-block-size-background=1048576"
    "memorysetup-job-temp-allocator-reduction-small-platforms=262144"
    "memorysetup-temp-allocator-size-background-worker=32768"
    "memorysetup-temp-allocator-size-job-worker=262144"
    "memorysetup-temp-allocator-size-preload-manager=33554432"
    "memorysetup-temp-allocator-size-nav-mesh-worker=65536"
    "memorysetup-temp-allocator-size-audio-worker=65536"
    "memorysetup-temp-allocator-size-cloud-worker=32768"
    "memorysetup-temp-allocator-size-gi-baking-worker=262144"
    "memorysetup-temp-allocator-size-gfx=262144"
Refreshing native plugins compatible for Editor in 80.95 ms, found 3 plugins.
Preloading 0 native plugins for Editor in 0.00 ms.
Initialize engine version: 2021.3.11f1 (0a5ca18544bf)
[Subsystems] Discovering subsystems at path /Applications/Unity/Hub/Editor/2021.3.11f1/Unity.app/Contents/Resources/UnitySubsystems
[Subsystems] Discovering subsystems at path /Users/billw/Unity Projects/EscaPeaSF/EscaPeaSF_1/Assets
GfxDevice: creating device client; threaded=0; jobified=0
 preferred device: Apple M1 Pro (high power)
Metal devices available: 1
0: Apple M1 Pro (high power)
Using device Apple M1 Pro (high power)
Initializing Metal device caps: Apple M1 Pro
Initialize mono
Mono path[0] = '/Applications/Unity/Hub/Editor/2021.3.11f1/Unity.app/Contents/Managed'
Mono path[1] = '/Applications/Unity/Hub/Editor/2021.3.11f1/Unity.app/Contents/MonoBleedingEdge/lib/mono/unityjit-macos'
Mono config path = '/Applications/Unity/Hub/Editor/2021.3.11f1/Unity.app/Contents/MonoBleedingEdge/etc'
Using monoOptions --debugger-agent=transport=dt_socket,embedding=1,server=y,suspend=n,address=127.0.0.1:56057
Begin MonoManager ReloadAssembly
Registering precompiled unity dll's ...
Register platform support module: /Applications/Unity/Hub/Editor/2021.3.11f1/PlaybackEngines/WebGLSupport/UnityEditor.WebGL.Extensions.dll
Register platform support module: /Applications/Unity/Hub/Editor/2021.3.11f1/Unity.app/Contents/PlaybackEngines/MacStandaloneSupport/UnityEditor.OSXStandalone.Extensions.dll
Register platform support module: /Applications/Unity/Hub/Editor/2021.3.11f1/PlaybackEngines/AndroidPlayer/UnityEditor.Android.Extensions.dll
Register platform support module: /Applications/Unity/Hub/Editor/2021.3.11f1/PlaybackEngines/iOSSupport/UnityEditor.iOS.Extensions.dll
Registered in 0.001449 seconds.
[usbmuxd] Start listen thread
[usbmuxd] Listen thread started
[usbmuxd] Send listen message
Native extension for iOS target not found
Native extension for Android target not found
Native extension for OSXStandalone target not found
Native extension for WebGL target not found
Refreshing native plugins compatible for Editor in 84.09 ms, found 3 plugins.
Preloading 0 native plugins for Editor in 0.00 ms.
Mono: successfully reloaded assembly
- Completed reload, in  0.453 seconds
Domain Reload Profiling:
	ReloadAssembly (453ms)
		BeginReloadAssembly (27ms)
			ExecutionOrderSort (0ms)
			DisableScriptedObjects (0ms)
			BackupInstance (0ms)
			ReleaseScriptingObjects (0ms)
			CreateAndSetChildDomain (0ms)
		EndReloadAssembly (363ms)
			LoadAssemblies (27ms)
			RebuildTransferFunctionScriptingTraits (0ms)
			SetupTypeCache (65ms)
			ReleaseScriptCaches (0ms)
			RebuildScriptCaches (19ms)
			SetupLoadedEditorAssemblies (251ms)
				LogAssemblyErrors (0ms)
				InitializePlatformSupportModulesInManaged (90ms)
				SetLoadedEditorAssemblies (0ms)
				RefreshPlugins (84ms)
				BeforeProcessingInitializeOnLoad (1ms)
				ProcessInitializeOnLoadAttributes (51ms)
				ProcessInitializeOnLoadMethodAttributes (25ms)
				AfterProcessingInitializeOnLoad (0ms)
				EditorAssembliesLoaded (0ms)
			ExecutionOrderSort2 (0ms)
			AwakeInstancesAfterBackupRestoration (0ms)
Platform modules already initialized, skipping
Registering precompiled user dll's ...
Registered in 0.002483 seconds.
Begin MonoManager ReloadAssembly
Symbol file LoadedFromMemory doesn't match image /Users/billw/Unity Projects/EscaPeaSF/EscaPeaSF_1/Library/PackageCache/com.unity.visualscripting@1.7.8/Editor/VisualScripting.Core/Dependencies/DotNetZip/Unity.VisualScripting.IonicZip.dll
Symbol file LoadedFromMemory doesn't match image /Users/billw/Unity Projects/EscaPeaSF/EscaPeaSF_1/Library/PackageCache/com.unity.visualscripting@1.7.8/Editor/VisualScripting.Core/Dependencies/YamlDotNet/Unity.VisualScripting.YamlDotNet.dll
Native extension for iOS target not found
Native extension for Android target not found
Native extension for OSXStandalone target not found
Native extension for WebGL target not found
Refreshing native plugins compatible for Editor in 0.79 ms, found 3 plugins.
Preloading 0 native plugins for Editor in 0.00 ms.
Fallback handler could not load library /Applications/Unity/Hub/Editor/2021.3.11f1/Unity.app/Contents/Frameworks/MonoBleedingEdge/lib/ardk_client_platform
Fallback handler could not load library /Applications/Unity/Hub/Editor/2021.3.11f1/Unity.app/Contents/Frameworks/MonoBleedingEdge/lib/libardk_client_platform.dylib
Fallback handler could not load library /Applications/Unity/Hub/Editor/2021.3.11f1/Unity.app/Contents/Frameworks/MonoBleedingEdge/lib/libardk_client_platform.dylib
Fallback handler could not load library /Applications/Unity/Hub/Editor/2021.3.11f1/Unity.app/Contents/Frameworks/MonoBleedingEdge/lib/libardk_client_platform.so
Fallback handler could not load library /Applications/Unity/Hub/Editor/2021.3.11f1/Unity.app/Contents/Frameworks/MonoBleedingEdge/lib/libardk_client_platform.bundle
Fallback handler could not load library /Applications/Unity/Hub/Editor/2021.3.11f1/Unity.app/Contents/Frameworks/MonoBleedingEdge/lib/ardk_client_platform
Fallback handler could not load library /Applications/Unity/Hub/Editor/2021.3.11f1/Unity.app/Contents/Frameworks/MonoBleedingEdge/lib/libardk_client_platform
Fallback handler could not load library /Applications/Unity/Hub/Editor/2021.3.11f1/Unity.app/Contents/Frameworks/MonoBleedingEdge/lib/libardk_client_platform.dylib
Fallback handler could not load library /Applications/Unity/Hub/Editor/2021.3.11f1/Unity.app/Contents/Frameworks/MonoBleedingEdge/lib/libardk_client_platform.dylib
Fallback handler could not load library /Applications/Unity/Hub/Editor/2021.3.11f1/Unity.app/Contents/Frameworks/MonoBleedingEdge/lib/libardk_client_platform.so
Fallback handler could not load library /Applications/Unity/Hub/Editor/2021.3.11f1/Unity.app/Contents/Frameworks/MonoBleedingEdge/lib/libardk_client_platform.bundle
Fallback handler could not load library /Applications/Unity/Hub/Editor/2021.3.11f1/Unity.app/Contents/Frameworks/MonoBleedingEdge/lib/libardk_client_platform
Fallback handler could not load library /Applications/Unity/Hub/Editor/2021.3.11f1/Unity.app/Contents/Frameworks/MonoBleedingEdge/lib/ardk_client_platform
Fallback handler could not load library /Applications/Unity/Hub/Editor/2021.3.11f1/Unity.app/Contents/Frameworks/MonoBleedingEdge/lib/libardk_client_platform.dylib
Fallback handler could not load library /Applications/Unity/Hub/Editor/2021.3.11f1/Unity.app/Contents/Frameworks/MonoBleedingEdge/lib/libardk_client_platform.dylib
Fallback handler could not load library /Applications/Unity/Hub/Editor/2021.3.11f1/Unity.app/Contents/Frameworks/MonoBleedingEdge/lib/libardk_client_platform.so
Fallback handler could not load library /Applications/Unity/Hub/Editor/2021.3.11f1/Unity.app/Contents/Frameworks/MonoBleedingEdge/lib/libardk_client_platform.bundle
Fallback handler could not load library /Applications/Unity/Hub/Editor/2021.3.11f1/Unity.app/Contents/Frameworks/MonoBleedingEdge/lib/ardk_client_platform
Fallback handler could not load library /Applications/Unity/Hub/Editor/2021.3.11f1/Unity.app/Contents/Frameworks/MonoBleedingEdge/lib/libardk_client_platform
Fallback handler could not load library /Applications/Unity/Hub/Editor/2021.3.11f1/Unity.app/Contents/Frameworks/MonoBleedingEdge/lib/libardk_client_platform.dylib
Fallback handler could not load library /Applications/Unity/Hub/Editor/2021.3.11f1/Unity.app/Contents/Frameworks/MonoBleedingEdge/lib/libardk_client_platform.dylib
Fallback handler could not load library /Applications/Unity/Hub/Editor/2021.3.11f1/Unity.app/Contents/Frameworks/MonoBleedingEdge/lib/libardk_client_platform.so
Fallback handler could not load library /Applications/Unity/Hub/Editor/2021.3.11f1/Unity.app/Contents/Frameworks/MonoBleedingEdge/lib/libardk_client_platform.bundle
Fallback handler could not load library /Applications/Unity/Hub/Editor/2021.3.11f1/Unity.app/Contents/Frameworks/MonoBleedingEdge/lib/libardk_client_platform
Mono: successfully reloaded assembly
Package Manager log level set to [2]
- Completed reload, in  0.769 seconds
Domain Reload Profiling:
	ReloadAssembly (769ms)
		BeginReloadAssembly (161ms)
			ExecutionOrderSort (0ms)
			DisableScriptedObjects (4ms)
			BackupInstance (0ms)
			ReleaseScriptingObjects (0ms)
			CreateAndSetChildDomain (118ms)
		EndReloadAssembly (544ms)
			LoadAssemblies (38ms)
			RebuildTransferFunctionScriptingTraits (0ms)
			SetupTypeCache (152ms)
			ReleaseScriptCaches (4ms)
			RebuildScriptCaches (40ms)
			SetupLoadedEditorAssemblies (279ms)
				LogAssemblyErrors (0ms)
				InitializePlatformSupportModulesInManaged (15ms)
				SetLoadedEditorAssemblies (1ms)
				RefreshPlugins (1ms)
				BeforeProcessingInitializeOnLoad (61ms)
				ProcessInitializeOnLoadAttributes (149ms)
				ProcessInitializeOnLoadMethodAttributes (50ms)
				AfterProcessingInitializeOnLoad (2ms)
				EditorAssembliesLoaded (0ms)
			ExecutionOrderSort2 (0ms)
			AwakeInstancesAfterBackupRestoration (2ms)
Platform modules already initialized, skipping
========================================================================
Worker process is ready to serve import requests
Launching external process: /Applications/Unity/Hub/Editor/2021.3.11f1/Unity.app/Contents/Tools/UnityShaderCompiler
Launched and connected shader compiler UnityShaderCompiler after 0.05 seconds
Refreshing native plugins compatible for Editor in 0.91 ms, found 3 plugins.
Preloading 0 native plugins for Editor in 0.00 ms.
Unloading 4367 Unused Serialized files (Serialized files now loaded: 0)
Unloading 70 unused Assets / (142.5 KB). Loaded Objects now: 4793.
Memory consumption went from 117.7 MB to 117.6 MB.
Total: 3.051750 ms (FindLiveObjects: 0.135459 ms CreateObjectMapping: 0.052541 ms MarkObjects: 2.718250 ms  DeleteObjects: 0.144583 ms)

Unloading 0 Unused Serialized files (Serialized files now loaded: 0)
Unloading 0 unused Assets / (29.4 KB). Loaded Objects now: 4793.
Memory consumption went from 117.6 MB to 117.6 MB.
Total: 2.659208 ms (FindLiveObjects: 0.131958 ms CreateObjectMapping: 0.057542 ms MarkObjects: 2.455042 ms  DeleteObjects: 0.014417 ms)

AssetImportParameters requested are different than current active one (requested -> active):
  custom:video-decoder-ogg-theora: a1e56fd34408186e4bbccfd4996cb3dc -> 
  custom:container-muxer-webm: aa71ff27fc2769a1b78a27578f13a17b -> 
  custom:container-demuxer-webm: 4f35f7cbe854078d1ac9338744f61a02 -> 
  custom:video-encoder-webm-vp8: eb34c28f22e8b96e1ab97ce403110664 -> 
  custom:framework-osx-AVFoundation: e770b220cccbd017edd2c1fefb359320 -> 
  custom:audio-encoder-webm-vorbis: bf7c407c2cedff20999df2af8eb42d56 -> 
  custom:container-demuxer-ogg: 62fdf1f143b41e24485cea50d1cbac27 -> 
  custom:video-decoder-webm-vp8: 9c59270c3fd7afecdb556c50c9e8de78 -> 
  custom:audio-decoder-ogg-vorbis: bf7c407c2cedff20999df2af8eb42d56 -> 
========================================================================
Received Import Request.
  Time since last request: 41691.437223 seconds.
  path: Assets/Models/electric_control_panel_3/Source
  artifactKey: Guid(290622f8365f9674ba05f33ba2771984) Importer(815301076,1909f56bfc062723c751e8b465ee728b)
Start importing Assets/Models/electric_control_panel_3/Source using Guid(290622f8365f9674ba05f33ba2771984) Importer(815301076,1909f56bfc062723c751e8b465ee728b)  -> (artifact id: '55c22ea57182d5bb013a0b1a6209234b') in 0.017279 seconds 
========================================================================
Received Import Request.
  Time since last request: 105.430030 seconds.
  path: Assets/Models/electric_control_panel_3/Meshes
  artifactKey: Guid(d425c317137677a43becca311b5d1171) Importer(815301076,1909f56bfc062723c751e8b465ee728b)
Start importing Assets/Models/electric_control_panel_3/Meshes using Guid(d425c317137677a43becca311b5d1171) Importer(815301076,1909f56bfc062723c751e8b465ee728b)  -> (artifact id: '5886d324539a0f9b27d567b8bfd70c4a') in 0.000736 seconds 
========================================================================
Received Import Request.
  Time since last request: 2.043109 seconds.
  path: Assets/Models/electric_control_panel_3/electric_control_panel_3.prefab
  artifactKey: Guid(b26a6d4ad126af44bbd33dbb8daa0a70) Importer(815301076,1909f56bfc062723c751e8b465ee728b)
Start importing Assets/Models/electric_control_panel_3/electric_control_panel_3.prefab using Guid(b26a6d4ad126af44bbd33dbb8daa0a70) Importer(815301076,1909f56bfc062723c751e8b465ee728b)  -> (artifact id: '0abfeea6b956879b540319b5a967afa5') in 0.625714 seconds 
========================================================================
Received Import Request.
  Time since last request: 176.136611 seconds.
  path: Assets/Models/electric_control_panel_3/Textures
  artifactKey: Guid(ba141713ac8fd7e49ab56c8c9d82019b) Importer(815301076,1909f56bfc062723c751e8b465ee728b)
Start importing Assets/Models/electric_control_panel_3/Textures using Guid(ba141713ac8fd7e49ab56c8c9d82019b) Importer(815301076,1909f56bfc062723c751e8b465ee728b)  -> (artifact id: '89759ee18ba3371cba20c690d1f8b350') in 0.000759 seconds 
========================================================================
Received Prepare
Registering precompiled user dll's ...
Registered in 0.002533 seconds.
Begin MonoManager ReloadAssembly
Thread 0x29a8f3000 may have been prematurely finalized
Symbol file LoadedFromMemory doesn't match image /Users/billw/Unity Projects/EscaPeaSF/EscaPeaSF_1/Library/PackageCache/com.unity.visualscripting@1.7.8/Editor/VisualScripting.Core/Dependencies/DotNetZip/Unity.VisualScripting.IonicZip.dll
Symbol file LoadedFromMemory doesn't match image /Users/billw/Unity Projects/EscaPeaSF/EscaPeaSF_1/Library/PackageCache/com.unity.visualscripting@1.7.8/Editor/VisualScripting.Core/Dependencies/YamlDotNet/Unity.VisualScripting.YamlDotNet.dll
Native extension for iOS target not found
Native extension for Android target not found
Native extension for OSXStandalone target not found
Native extension for WebGL target not found
Refreshing native plugins compatible for Editor in 0.70 ms, found 3 plugins.
Preloading 0 native plugins for Editor in 0.00 ms.
Fallback handler could not load library /Applications/Unity/Hub/Editor/2021.3.11f1/Unity.app/Contents/Frameworks/MonoBleedingEdge/lib/ardk_client_platform
Fallback handler could not load library /Applications/Unity/Hub/Editor/2021.3.11f1/Unity.app/Contents/Frameworks/MonoBleedingEdge/lib/libardk_client_platform.dylib
Fallback handler could not load library /Applications/Unity/Hub/Editor/2021.3.11f1/Unity.app/Contents/Frameworks/MonoBleedingEdge/lib/libardk_client_platform.dylib
Fallback handler could not load library /Applications/Unity/Hub/Editor/2021.3.11f1/Unity.app/Contents/Frameworks/MonoBleedingEdge/lib/libardk_client_platform.so
Fallback handler could not load library /Applications/Unity/Hub/Editor/2021.3.11f1/Unity.app/Contents/Frameworks/MonoBleedingEdge/lib/libardk_client_platform.bundle
Fallback handler could not load library /Applications/Unity/Hub/Editor/2021.3.11f1/Unity.app/Contents/Frameworks/MonoBleedingEdge/lib/ardk_client_platform
Fallback handler could not load library /Applications/Unity/Hub/Editor/2021.3.11f1/Unity.app/Contents/Frameworks/MonoBleedingEdge/lib/libardk_client_platform
Fallback handler could not load library /Applications/Unity/Hub/Editor/2021.3.11f1/Unity.app/Contents/Frameworks/MonoBleedingEdge/lib/libardk_client_platform.dylib
Fallback handler could not load library /Applications/Unity/Hub/Editor/2021.3.11f1/Unity.app/Contents/Frameworks/MonoBleedingEdge/lib/libardk_client_platform.dylib
Fallback handler could not load library /Applications/Unity/Hub/Editor/2021.3.11f1/Unity.app/Contents/Frameworks/MonoBleedingEdge/lib/libardk_client_platform.so
Fallback handler could not load library /Applications/Unity/Hub/Editor/2021.3.11f1/Unity.app/Contents/Frameworks/MonoBleedingEdge/lib/libardk_client_platform.bundle
Fallback handler could not load library /Applications/Unity/Hub/Editor/2021.3.11f1/Unity.app/Contents/Frameworks/MonoBleedingEdge/lib/libardk_client_platform
Fallback handler could not load library /Applications/Unity/Hub/Editor/2021.3.11f1/Unity.app/Contents/Frameworks/MonoBleedingEdge/lib/ardk_client_platform
Fallback handler could not load library /Applications/Unity/Hub/Editor/2021.3.11f1/Unity.app/Contents/Frameworks/MonoBleedingEdge/lib/libardk_client_platform.dylib
Fallback handler could not load library /Applications/Unity/Hub/Editor/2021.3.11f1/Unity.app/Contents/Frameworks/MonoBleedingEdge/lib/libardk_client_platform.dylib
Fallback handler could not load library /Applications/Unity/Hub/Editor/2021.3.11f1/Unity.app/Contents/Frameworks/MonoBleedingEdge/lib/libardk_client_platform.so
Fallback handler could not load library /Applications/Unity/Hub/Editor/2021.3.11f1/Unity.app/Contents/Frameworks/MonoBleedingEdge/lib/libardk_client_platform.bundle
Fallback handler could not load library /Applications/Unity/Hub/Editor/2021.3.11f1/Unity.app/Contents/Frameworks/MonoBleedingEdge/lib/ardk_client_platform
Fallback handler could not load library /Applications/Unity/Hub/Editor/2021.3.11f1/Unity.app/Contents/Frameworks/MonoBleedingEdge/lib/libardk_client_platform
Fallback handler could not load library /Applications/Unity/Hub/Editor/2021.3.11f1/Unity.app/Contents/Frameworks/MonoBleedingEdge/lib/libardk_client_platform.dylib
Fallback handler could not load library /Applications/Unity/Hub/Editor/2021.3.11f1/Unity.app/Contents/Frameworks/MonoBleedingEdge/lib/libardk_client_platform.dylib
Fallback handler could not load library /Applications/Unity/Hub/Editor/2021.3.11f1/Unity.app/Contents/Frameworks/MonoBleedingEdge/lib/libardk_client_platform.so
Fallback handler could not load library /Applications/Unity/Hub/Editor/2021.3.11f1/Unity.app/Contents/Frameworks/MonoBleedingEdge/lib/libardk_client_platform.bundle
Fallback handler could not load library /Applications/Unity/Hub/Editor/2021.3.11f1/Unity.app/Contents/Frameworks/MonoBleedingEdge/lib/libardk_client_platform
#Niantic.ARDK.Internals.StartupSystems#: Could not load an ArdkAuthConfig, please add one in a Resources/ARDK/ directory. For more information, visit the niantic.dev/docs/authentication.html site.
UnityEngine.StackTraceUtility:ExtractStackTrace () (at /Users/bokken/buildslave/unity/build/Runtime/Export/Scripting/StackTrace.cs:37)
UnityEngine.DebugLogHandler:LogFormat (UnityEngine.LogType,UnityEngine.Object,string,object[])
UnityEngine.Logger:Log (UnityEngine.LogType,object)
UnityEngine.Debug:LogError (object)
Niantic.ARDK.Utilities.Logging.UnityARLogHandler:Error (string) (at Assets/ARDK/Utilities/Logging/LogHandler/UnityARLogHandler.cs:41)
Niantic.ARDK.Utilities.Logging.ARLog:_Error (string) (at Assets/ARDK/Utilities/Logging/ARLog.cs:198)
Niantic.ARDK.Internals.StartupSystems:_SetAuthenticationParameters () (at Assets/ARDK/Internals/StartupSystems.cs:146)
Niantic.ARDK.Internals.StartupSystems:_SetCSharpInitializationMetadata () (at Assets/ARDK/Internals/StartupSystems.cs:111)
Niantic.ARDK.Internals.StartupSystems:EditorStartup () (at Assets/ARDK/Internals/StartupSystems.cs:59)
System.Reflection.RuntimeMethodInfo:Invoke (object,System.Reflection.BindingFlags,System.Reflection.Binder,object[],System.Globalization.CultureInfo)
System.Reflection.MethodBase:Invoke (object,object[])
UnityEditor.EditorAssemblies:ProcessInitializeOnLoadMethodAttributes () (at /Users/bokken/buildslave/unity/build/Editor/Mono/EditorAssemblies.cs:147)

(Filename: Assets/ARDK/Utilities/Logging/LogHandler/UnityARLogHandler.cs Line: 41)

#Niantic.ARDK.Internals.StartupSystems#: No API Key was found. Add it to an ArdkAuthConfig asset. For more information, visit the niantic.dev/docs/authentication.html site.
UnityEngine.StackTraceUtility:ExtractStackTrace () (at /Users/bokken/buildslave/unity/build/Runtime/Export/Scripting/StackTrace.cs:37)
UnityEngine.DebugLogHandler:LogFormat (UnityEngine.LogType,UnityEngine.Object,string,object[])
UnityEngine.Logger:Log (UnityEngine.LogType,object)
UnityEngine.Debug:LogError (object)
Niantic.ARDK.Utilities.Logging.UnityARLogHandler:Error (string) (at Assets/ARDK/Utilities/Logging/LogHandler/UnityARLogHandler.cs:41)
Niantic.ARDK.Utilities.Logging.ARLog:_Error (string) (at Assets/ARDK/Utilities/Logging/ARLog.cs:198)
Niantic.ARDK.Internals.StartupSystems:_SetAuthenticationParameters () (at Assets/ARDK/Internals/StartupSystems.cs:174)
Niantic.ARDK.Internals.StartupSystems:_SetCSharpInitializationMetadata () (at Assets/ARDK/Internals/StartupSystems.cs:111)
Niantic.ARDK.Internals.StartupSystems:EditorStartup () (at Assets/ARDK/Internals/StartupSystems.cs:59)
System.Reflection.RuntimeMethodInfo:Invoke (object,System.Reflection.BindingFlags,System.Reflection.Binder,object[],System.Globalization.CultureInfo)
System.Reflection.MethodBase:Invoke (object,object[])
UnityEditor.EditorAssemblies:ProcessInitializeOnLoadMethodAttributes () (at /Users/bokken/buildslave/unity/build/Editor/Mono/EditorAssemblies.cs:147)

(Filename: Assets/ARDK/Utilities/Logging/LogHandler/UnityARLogHandler.cs Line: 41)

Mono: successfully reloaded assembly
- Completed reload, in  0.617 seconds
Domain Reload Profiling:
	ReloadAssembly (618ms)
		BeginReloadAssembly (88ms)
			ExecutionOrderSort (0ms)
			DisableScriptedObjects (4ms)
			BackupInstance (0ms)
			ReleaseScriptingObjects (0ms)
			CreateAndSetChildDomain (41ms)
		EndReloadAssembly (474ms)
			LoadAssemblies (34ms)
			RebuildTransferFunctionScriptingTraits (0ms)
			SetupTypeCache (149ms)
			ReleaseScriptCaches (1ms)
			RebuildScriptCaches (28ms)
			SetupLoadedEditorAssemblies (235ms)
				LogAssemblyErrors (0ms)
				InitializePlatformSupportModulesInManaged (20ms)
				SetLoadedEditorAssemblies (0ms)
				RefreshPlugins (1ms)
				BeforeProcessingInitializeOnLoad (41ms)
				ProcessInitializeOnLoadAttributes (124ms)
				ProcessInitializeOnLoadMethodAttributes (46ms)
				AfterProcessingInitializeOnLoad (1ms)
				EditorAssembliesLoaded (0ms)
			ExecutionOrderSort2 (0ms)
			AwakeInstancesAfterBackupRestoration (2ms)
Platform modules already initialized, skipping
Refreshing native plugins compatible for Editor in 3.17 ms, found 3 plugins.
Preloading 0 native plugins for Editor in 0.00 ms.
Unloading 4333 Unused Serialized files (Serialized files now loaded: 0)
Unloading 63 unused Assets / (122.2 KB). Loaded Objects now: 4802.
Memory consumption went from 199.1 MB to 198.9 MB.
Total: 3.995209 ms (FindLiveObjects: 0.266583 ms CreateObjectMapping: 0.064167 ms MarkObjects: 3.464958 ms  DeleteObjects: 0.198458 ms)

Unloading 0 Unused Serialized files (Serialized files now loaded: 0)
Unloading 0 unused Assets / (29.6 KB). Loaded Objects now: 4802.
Memory consumption went from 198.9 MB to 198.9 MB.
Total: 7.383041 ms (FindLiveObjects: 0.132750 ms CreateObjectMapping: 0.053042 ms MarkObjects: 7.188375 ms  DeleteObjects: 0.008375 ms)

AssetImportParameters requested are different than current active one (requested -> active):
  custom:video-decoder-ogg-theora: a1e56fd34408186e4bbccfd4996cb3dc -> 
  custom:container-muxer-webm: aa71ff27fc2769a1b78a27578f13a17b -> 
  custom:container-demuxer-webm: 4f35f7cbe854078d1ac9338744f61a02 -> 
  custom:video-encoder-webm-vp8: eb34c28f22e8b96e1ab97ce403110664 -> 
  custom:framework-osx-AVFoundation: e770b220cccbd017edd2c1fefb359320 -> 
  custom:audio-encoder-webm-vorbis: bf7c407c2cedff20999df2af8eb42d56 -> 
  custom:container-demuxer-ogg: 62fdf1f143b41e24485cea50d1cbac27 -> 
  custom:video-decoder-webm-vp8: 9c59270c3fd7afecdb556c50c9e8de78 -> 
  custom:audio-decoder-ogg-vorbis: bf7c407c2cedff20999df2af8eb42d56 -> 
========================================================================
Received Prepare
Registering precompiled user dll's ...
Registered in 0.003231 seconds.
Begin MonoManager ReloadAssembly
Thread 0x16bd1b000 may have been prematurely finalized
Symbol file LoadedFromMemory doesn't match image /Users/billw/Unity Projects/EscaPeaSF/EscaPeaSF_1/Library/PackageCache/com.unity.visualscripting@1.7.8/Editor/VisualScripting.Core/Dependencies/DotNetZip/Unity.VisualScripting.IonicZip.dll
Symbol file LoadedFromMemory doesn't match image /Users/billw/Unity Projects/EscaPeaSF/EscaPeaSF_1/Library/PackageCache/com.unity.visualscripting@1.7.8/Editor/VisualScripting.Core/Dependencies/YamlDotNet/Unity.VisualScripting.YamlDotNet.dll
Native extension for iOS target not found
Native extension for Android target not found
Native extension for OSXStandalone target not found
Native extension for WebGL target not found
Refreshing native plugins compatible for Editor in 0.59 ms, found 3 plugins.
Preloading 0 native plugins for Editor in 0.00 ms.
Fallback handler could not load library /Applications/Unity/Hub/Editor/2021.3.11f1/Unity.app/Contents/Frameworks/MonoBleedingEdge/lib/ardk_client_platform
Fallback handler could not load library /Applications/Unity/Hub/Editor/2021.3.11f1/Unity.app/Contents/Frameworks/MonoBleedingEdge/lib/libardk_client_platform.dylib
Fallback handler could not load library /Applications/Unity/Hub/Editor/2021.3.11f1/Unity.app/Contents/Frameworks/MonoBleedingEdge/lib/libardk_client_platform.dylib
Fallback handler could not load library /Applications/Unity/Hub/Editor/2021.3.11f1/Unity.app/Contents/Frameworks/MonoBleedingEdge/lib/libardk_client_platform.so
Fallback handler could not load library /Applications/Unity/Hub/Editor/2021.3.11f1/Unity.app/Contents/Frameworks/MonoBleedingEdge/lib/libardk_client_platform.bundle
Fallback handler could not load library /Applications/Unity/Hub/Editor/2021.3.11f1/Unity.app/Contents/Frameworks/MonoBleedingEdge/lib/ardk_client_platform
Fallback handler could not load library /Applications/Unity/Hub/Editor/2021.3.11f1/Unity.app/Contents/Frameworks/MonoBleedingEdge/lib/libardk_client_platform
Fallback handler could not load library /Applications/Unity/Hub/Editor/2021.3.11f1/Unity.app/Contents/Frameworks/MonoBleedingEdge/lib/libardk_client_platform.dylib
Fallback handler could not load library /Applications/Unity/Hub/Editor/2021.3.11f1/Unity.app/Contents/Frameworks/MonoBleedingEdge/lib/libardk_client_platform.dylib
Fallback handler could not load library /Applications/Unity/Hub/Editor/2021.3.11f1/Unity.app/Contents/Frameworks/MonoBleedingEdge/lib/libardk_client_platform.so
Fallback handler could not load library /Applications/Unity/Hub/Editor/2021.3.11f1/Unity.app/Contents/Frameworks/MonoBleedingEdge/lib/libardk_client_platform.bundle
Fallback handler could not load library /Applications/Unity/Hub/Editor/2021.3.11f1/Unity.app/Contents/Frameworks/MonoBleedingEdge/lib/libardk_client_platform
Fallback handler could not load library /Applications/Unity/Hub/Editor/2021.3.11f1/Unity.app/Contents/Frameworks/MonoBleedingEdge/lib/ardk_client_platform
Fallback handler could not load library /Applications/Unity/Hub/Editor/2021.3.11f1/Unity.app/Contents/Frameworks/MonoBleedingEdge/lib/libardk_client_platform.dylib
Fallback handler could not load library /Applications/Unity/Hub/Editor/2021.3.11f1/Unity.app/Contents/Frameworks/MonoBleedingEdge/lib/libardk_client_platform.dylib
Fallback handler could not load library /Applications/Unity/Hub/Editor/2021.3.11f1/Unity.app/Contents/Frameworks/MonoBleedingEdge/lib/libardk_client_platform.so
Fallback handler could not load library /Applications/Unity/Hub/Editor/2021.3.11f1/Unity.app/Contents/Frameworks/MonoBleedingEdge/lib/libardk_client_platform.bundle
Fallback handler could not load library /Applications/Unity/Hub/Editor/2021.3.11f1/Unity.app/Contents/Frameworks/MonoBleedingEdge/lib/ardk_client_platform
Fallback handler could not load library /Applications/Unity/Hub/Editor/2021.3.11f1/Unity.app/Contents/Frameworks/MonoBleedingEdge/lib/libardk_client_platform
Fallback handler could not load library /Applications/Unity/Hub/Editor/2021.3.11f1/Unity.app/Contents/Frameworks/MonoBleedingEdge/lib/libardk_client_platform.dylib
Fallback handler could not load library /Applications/Unity/Hub/Editor/2021.3.11f1/Unity.app/Contents/Frameworks/MonoBleedingEdge/lib/libardk_client_platform.dylib
Fallback handler could not load library /Applications/Unity/Hub/Editor/2021.3.11f1/Unity.app/Contents/Frameworks/MonoBleedingEdge/lib/libardk_client_platform.so
Fallback handler could not load library /Applications/Unity/Hub/Editor/2021.3.11f1/Unity.app/Contents/Frameworks/MonoBleedingEdge/lib/libardk_client_platform.bundle
Fallback handler could not load library /Applications/Unity/Hub/Editor/2021.3.11f1/Unity.app/Contents/Frameworks/MonoBleedingEdge/lib/libardk_client_platform
#Niantic.ARDK.Internals.StartupSystems#: Could not load an ArdkAuthConfig, please add one in a Resources/ARDK/ directory. For more information, visit the niantic.dev/docs/authentication.html site.
UnityEngine.StackTraceUtility:ExtractStackTrace () (at /Users/bokken/buildslave/unity/build/Runtime/Export/Scripting/StackTrace.cs:37)
UnityEngine.DebugLogHandler:LogFormat (UnityEngine.LogType,UnityEngine.Object,string,object[])
UnityEngine.Logger:Log (UnityEngine.LogType,object)
UnityEngine.Debug:LogError (object)
Niantic.ARDK.Utilities.Logging.UnityARLogHandler:Error (string) (at Assets/ARDK/Utilities/Logging/LogHandler/UnityARLogHandler.cs:41)
Niantic.ARDK.Utilities.Logging.ARLog:_Error (string) (at Assets/ARDK/Utilities/Logging/ARLog.cs:198)
Niantic.ARDK.Internals.StartupSystems:_SetAuthenticationParameters () (at Assets/ARDK/Internals/StartupSystems.cs:146)
Niantic.ARDK.Internals.StartupSystems:_SetCSharpInitializationMetadata () (at Assets/ARDK/Internals/StartupSystems.cs:111)
Niantic.ARDK.Internals.StartupSystems:EditorStartup () (at Assets/ARDK/Internals/StartupSystems.cs:59)
System.Reflection.RuntimeMethodInfo:Invoke (object,System.Reflection.BindingFlags,System.Reflection.Binder,object[],System.Globalization.CultureInfo)
System.Reflection.MethodBase:Invoke (object,object[])
UnityEditor.EditorAssemblies:ProcessInitializeOnLoadMethodAttributes () (at /Users/bokken/buildslave/unity/build/Editor/Mono/EditorAssemblies.cs:147)

(Filename: Assets/ARDK/Utilities/Logging/LogHandler/UnityARLogHandler.cs Line: 41)

#Niantic.ARDK.Internals.StartupSystems#: No API Key was found. Add it to an ArdkAuthConfig asset. For more information, visit the niantic.dev/docs/authentication.html site.
UnityEngine.StackTraceUtility:ExtractStackTrace () (at /Users/bokken/buildslave/unity/build/Runtime/Export/Scripting/StackTrace.cs:37)
UnityEngine.DebugLogHandler:LogFormat (UnityEngine.LogType,UnityEngine.Object,string,object[])
UnityEngine.Logger:Log (UnityEngine.LogType,object)
UnityEngine.Debug:LogError (object)
Niantic.ARDK.Utilities.Logging.UnityARLogHandler:Error (string) (at Assets/ARDK/Utilities/Logging/LogHandler/UnityARLogHandler.cs:41)
Niantic.ARDK.Utilities.Logging.ARLog:_Error (string) (at Assets/ARDK/Utilities/Logging/ARLog.cs:198)
Niantic.ARDK.Internals.StartupSystems:_SetAuthenticationParameters () (at Assets/ARDK/Internals/StartupSystems.cs:174)
Niantic.ARDK.Internals.StartupSystems:_SetCSharpInitializationMetadata () (at Assets/ARDK/Internals/StartupSystems.cs:111)
Niantic.ARDK.Internals.StartupSystems:EditorStartup () (at Assets/ARDK/Internals/StartupSystems.cs:59)
System.Reflection.RuntimeMethodInfo:Invoke (object,System.Reflection.BindingFlags,System.Reflection.Binder,object[],System.Globalization.CultureInfo)
System.Reflection.MethodBase:Invoke (object,object[])
UnityEditor.EditorAssemblies:ProcessInitializeOnLoadMethodAttributes () (at /Users/bokken/buildslave/unity/build/Editor/Mono/EditorAssemblies.cs:147)

(Filename: Assets/ARDK/Utilities/Logging/LogHandler/UnityARLogHandler.cs Line: 41)

Mono: successfully reloaded assembly
- Completed reload, in  0.581 seconds
Domain Reload Profiling:
	ReloadAssembly (581ms)
		BeginReloadAssembly (63ms)
			ExecutionOrderSort (0ms)
			DisableScriptedObjects (3ms)
			BackupInstance (0ms)
			ReleaseScriptingObjects (0ms)
			CreateAndSetChildDomain (22ms)
		EndReloadAssembly (463ms)
			LoadAssemblies (31ms)
			RebuildTransferFunctionScriptingTraits (0ms)
			SetupTypeCache (146ms)
			ReleaseScriptCaches (1ms)
			RebuildScriptCaches (31ms)
			SetupLoadedEditorAssemblies (223ms)
				LogAssemblyErrors (0ms)
				InitializePlatformSupportModulesInManaged (17ms)
				SetLoadedEditorAssemblies (0ms)
				RefreshPlugins (1ms)
				BeforeProcessingInitializeOnLoad (40ms)
				ProcessInitializeOnLoadAttributes (117ms)
				ProcessInitializeOnLoadMethodAttributes (46ms)
				AfterProcessingInitializeOnLoad (1ms)
				EditorAssembliesLoaded (0ms)
			ExecutionOrderSort2 (0ms)
			AwakeInstancesAfterBackupRestoration (2ms)
Platform modules already initialized, skipping
Refreshing native plugins compatible for Editor in 3.11 ms, found 3 plugins.
Preloading 0 native plugins for Editor in 0.00 ms.
Unloading 4333 Unused Serialized files (Serialized files now loaded: 0)
Unloading 63 unused Assets / (122.2 KB). Loaded Objects now: 4802.
Memory consumption went from 205.2 MB to 205.0 MB.
Total: 2.509334 ms (FindLiveObjects: 0.129708 ms CreateObjectMapping: 0.056750 ms MarkObjects: 2.189042 ms  DeleteObjects: 0.133292 ms)

Unloading 0 Unused Serialized files (Serialized files now loaded: 0)
Unloading 0 unused Assets / (29.6 KB). Loaded Objects now: 4802.
Memory consumption went from 205.0 MB to 205.0 MB.
Total: 2.266292 ms (FindLiveObjects: 0.120459 ms CreateObjectMapping: 0.049583 ms MarkObjects: 2.090875 ms  DeleteObjects: 0.005083 ms)

AssetImportParameters requested are different than current active one (requested -> active):
  custom:video-decoder-ogg-theora: a1e56fd34408186e4bbccfd4996cb3dc -> 
  custom:container-muxer-webm: aa71ff27fc2769a1b78a27578f13a17b -> 
  custom:container-demuxer-webm: 4f35f7cbe854078d1ac9338744f61a02 -> 
  custom:video-encoder-webm-vp8: eb34c28f22e8b96e1ab97ce403110664 -> 
  custom:framework-osx-AVFoundation: e770b220cccbd017edd2c1fefb359320 -> 
  custom:audio-encoder-webm-vorbis: bf7c407c2cedff20999df2af8eb42d56 -> 
  custom:container-demuxer-ogg: 62fdf1f143b41e24485cea50d1cbac27 -> 
  custom:video-decoder-webm-vp8: 9c59270c3fd7afecdb556c50c9e8de78 -> 
  custom:audio-decoder-ogg-vorbis: bf7c407c2cedff20999df2af8eb42d56 -> 
========================================================================
Received Import Request.
  Time since last request: 5369.975662 seconds.
  path: Assets/Models/Factory Control Panels/prefabs/control.002.prefab
  artifactKey: Guid(3f7555b49150c60458ea6d87039fbd74) Importer(815301076,1909f56bfc062723c751e8b465ee728b)
Start importing Assets/Models/Factory Control Panels/prefabs/control.002.prefab using Guid(3f7555b49150c60458ea6d87039fbd74) Importer(815301076,1909f56bfc062723c751e8b465ee728b)  -> (artifact id: '7520ddbcf4ed37f057abd0c63412e21c') in 0.201565 seconds 
========================================================================
Received Import Request.
  Time since last request: 0.869915 seconds.
  path: Assets/Models/Factory Control Panels/prefabs/box4.prefab
  artifactKey: Guid(2a9aabd54ba31e244aa76eadc5eec876) Importer(815301076,1909f56bfc062723c751e8b465ee728b)
Start importing Assets/Models/Factory Control Panels/prefabs/box4.prefab using Guid(2a9aabd54ba31e244aa76eadc5eec876) Importer(815301076,1909f56bfc062723c751e8b465ee728b)  -> (artifact id: '0b35f51fc0fb2988c9be97c54df249a4') in 0.012822 seconds 
========================================================================
Received Import Request.
  Time since last request: 1.385712 seconds.
  path: Assets/Models/Factory Control Panels/prefabs/control.003.prefab
  artifactKey: Guid(2f4594d7223715740973a467ca356ab7) Importer(815301076,1909f56bfc062723c751e8b465ee728b)
Start importing Assets/Models/Factory Control Panels/prefabs/control.003.prefab using Guid(2f4594d7223715740973a467ca356ab7) Importer(815301076,1909f56bfc062723c751e8b465ee728b)  -> (artifact id: 'c04a7a55916ebb28aebd79f3b4dd7b01') in 0.013195 seconds 
========================================================================
Received Import Request.
  Time since last request: 2.182803 seconds.
  path: Assets/Models/Factory Control Panels/prefabs/control.prefab
  artifactKey: Guid(80143746780e9e74e8d57267b9b12917) Importer(815301076,1909f56bfc062723c751e8b465ee728b)
Start importing Assets/Models/Factory Control Panels/prefabs/control.prefab using Guid(80143746780e9e74e8d57267b9b12917) Importer(815301076,1909f56bfc062723c751e8b465ee728b)  -> (artifact id: 'b4d80d45b61c33b43abe7fb1d89e3a2e') in 0.014937 seconds 
========================================================================
Received Import Request.
  Time since last request: 1.088655 seconds.
  path: Assets/Models/Factory Control Panels/prefabs/end.001.prefab
  artifactKey: Guid(746473196be6d9843b224306faacefbd) Importer(815301076,1909f56bfc062723c751e8b465ee728b)
Start importing Assets/Models/Factory Control Panels/prefabs/end.001.prefab using Guid(746473196be6d9843b224306faacefbd) Importer(815301076,1909f56bfc062723c751e8b465ee728b)  -> (artifact id: '178ede463fb798b7079a7818d6ca996f') in 0.012018 seconds 
========================================================================
Received Import Request.
  Time since last request: 0.784358 seconds.
  path: Assets/Models/Factory Control Panels/prefabs/tube.000.prefab
  artifactKey: Guid(716b3edd86bfee8478d809415a81a267) Importer(815301076,1909f56bfc062723c751e8b465ee728b)
Start importing Assets/Models/Factory Control Panels/prefabs/tube.000.prefab using Guid(716b3edd86bfee8478d809415a81a267) Importer(815301076,1909f56bfc062723c751e8b465ee728b)  -> (artifact id: 'c1c8e3257942c5c36d514f6870beeb09') in 0.011817 seconds 
========================================================================
Received Import Request.
  Time since last request: 1.491776 seconds.
  path: Assets/Models/Factory Control Panels/prefabs/tube.001.prefab
  artifactKey: Guid(98d021890a6efe341b1f176d49aefb1c) Importer(815301076,1909f56bfc062723c751e8b465ee728b)
Start importing Assets/Models/Factory Control Panels/prefabs/tube.001.prefab using Guid(98d021890a6efe341b1f176d49aefb1c) Importer(815301076,1909f56bfc062723c751e8b465ee728b)  -> (artifact id: '22089ecad4c41faff9f1ba4f00c0dc28') in 0.012072 seconds 
========================================================================
Received Import Request.
  Time since last request: 0.463094 seconds.
  path: Assets/Models/Factory Control Panels/prefabs/tube.003.prefab
  artifactKey: Guid(5afe13b1dd3f86d4796601618948b492) Importer(815301076,1909f56bfc062723c751e8b465ee728b)
Start importing Assets/Models/Factory Control Panels/prefabs/tube.003.prefab using Guid(5afe13b1dd3f86d4796601618948b492) Importer(815301076,1909f56bfc062723c751e8b465ee728b)  -> (artifact id: 'ded811929b8c5ba30bcf9918a73761f2') in 0.012672 seconds 
========================================================================
Received Import Request.
  Time since last request: 1.102715 seconds.
  path: Assets/Models/Factory Control Panels/prefabs/tube.006.prefab
  artifactKey: Guid(e0a9ffb86898ac04c9971aed7c5d5186) Importer(815301076,1909f56bfc062723c751e8b465ee728b)
Start importing Assets/Models/Factory Control Panels/prefabs/tube.006.prefab using Guid(e0a9ffb86898ac04c9971aed7c5d5186) Importer(815301076,1909f56bfc062723c751e8b465ee728b)  -> (artifact id: '26d5ed3f2f02d643b8a7e4a8dfd094f6') in 0.012076 seconds 
========================================================================
Received Import Request.
  Time since last request: 0.649485 seconds.
  path: Assets/Models/Factory Control Panels/prefabs/tube.010_tube.012.prefab
  artifactKey: Guid(3d49fe5855f236b48b16634fdf7e216d) Importer(815301076,1909f56bfc062723c751e8b465ee728b)
Start importing Assets/Models/Factory Control Panels/prefabs/tube.010_tube.012.prefab using Guid(3d49fe5855f236b48b16634fdf7e216d) Importer(815301076,1909f56bfc062723c751e8b465ee728b)  -> (artifact id: '0f9b23c13ab25d6c2554ad15b7800011') in 0.012231 seconds 
