Unity Editor version:    2021.3.11f1 (0a5ca18544bf)
Branch:                  2021.3/staging
Build type:              Release
Batch mode:              YES
macOS version:           Version 13.0.1 (Build 22A400)
Darwin version:          22.1.0
Architecture:            arm64
Running under Rosetta:   NO
Available memory:        16384 MB
Using pre-set license
Pro License: YES

COMMAND LINE ARGUMENTS:
/Applications/Unity/Hub/Editor/2021.3.11f1/Unity.app/Contents/MacOS/Unity
-adb2
-batchMode
-noUpm
-name
AssetImportWorker0
-projectPath
/Users/billw/Unity Projects/EscaPeaSF/EscaPeaSF_1
-logFile
Logs/AssetImportWorker0.log
-srvPort
50218
Successfully changed project path to: /Users/billw/Unity Projects/EscaPeaSF/EscaPeaSF_1
/Users/billw/Unity Projects/EscaPeaSF/EscaPeaSF_1
[UnityMemory] Configuration Parameters - Can be set up in boot.config
    "memorysetup-bucket-allocator-granularity=16"
    "memorysetup-bucket-allocator-bucket-count=8"
    "memorysetup-bucket-allocator-block-size=33554432"
    "memorysetup-bucket-allocator-block-count=8"
    "memorysetup-main-allocator-block-size=16777216"
    "memorysetup-thread-allocator-block-size=16777216"
    "memorysetup-gfx-main-allocator-block-size=16777216"
    "memorysetup-gfx-thread-allocator-block-size=16777216"
    "memorysetup-cache-allocator-block-size=4194304"
    "memorysetup-typetree-allocator-block-size=2097152"
    "memorysetup-profiler-bucket-allocator-granularity=16"
    "memorysetup-profiler-bucket-allocator-bucket-count=8"
    "memorysetup-profiler-bucket-allocator-block-size=33554432"
    "memorysetup-profiler-bucket-allocator-block-count=8"
    "memorysetup-profiler-allocator-block-size=16777216"
    "memorysetup-profiler-editor-allocator-block-size=1048576"
    "memorysetup-temp-allocator-size-main=16777216"
    "memorysetup-job-temp-allocator-block-size=2097152"
    "memorysetup-job-temp-allocator-block-size-background=1048576"
    "memorysetup-job-temp-allocator-reduction-small-platforms=262144"
    "memorysetup-temp-allocator-size-background-worker=32768"
    "memorysetup-temp-allocator-size-job-worker=262144"
    "memorysetup-temp-allocator-size-preload-manager=33554432"
    "memorysetup-temp-allocator-size-nav-mesh-worker=65536"
    "memorysetup-temp-allocator-size-audio-worker=65536"
    "memorysetup-temp-allocator-size-cloud-worker=32768"
    "memorysetup-temp-allocator-size-gi-baking-worker=262144"
    "memorysetup-temp-allocator-size-gfx=262144"
Refreshing native plugins compatible for Editor in 104.47 ms, found 3 plugins.
Preloading 0 native plugins for Editor in 0.00 ms.
Initialize engine version: 2021.3.11f1 (0a5ca18544bf)
[Subsystems] Discovering subsystems at path /Applications/Unity/Hub/Editor/2021.3.11f1/Unity.app/Contents/Resources/UnitySubsystems
[Subsystems] Discovering subsystems at path /Users/billw/Unity Projects/EscaPeaSF/EscaPeaSF_1/Assets
GfxDevice: creating device client; threaded=0; jobified=0
 preferred device: Apple M1 Pro (high power)
Metal devices available: 1
0: Apple M1 Pro (high power)
Using device Apple M1 Pro (high power)
Initializing Metal device caps: Apple M1 Pro
Initialize mono
Mono path[0] = '/Applications/Unity/Hub/Editor/2021.3.11f1/Unity.app/Contents/Managed'
Mono path[1] = '/Applications/Unity/Hub/Editor/2021.3.11f1/Unity.app/Contents/MonoBleedingEdge/lib/mono/unityjit-macos'
Mono config path = '/Applications/Unity/Hub/Editor/2021.3.11f1/Unity.app/Contents/MonoBleedingEdge/etc'
Using monoOptions --debugger-agent=transport=dt_socket,embedding=1,server=y,suspend=n,address=127.0.0.1:56717
Begin MonoManager ReloadAssembly
Registering precompiled unity dll's ...
Register platform support module: /Applications/Unity/Hub/Editor/2021.3.11f1/PlaybackEngines/WebGLSupport/UnityEditor.WebGL.Extensions.dll
Register platform support module: /Applications/Unity/Hub/Editor/2021.3.11f1/Unity.app/Contents/PlaybackEngines/MacStandaloneSupport/UnityEditor.OSXStandalone.Extensions.dll
Register platform support module: /Applications/Unity/Hub/Editor/2021.3.11f1/PlaybackEngines/AndroidPlayer/UnityEditor.Android.Extensions.dll
Register platform support module: /Applications/Unity/Hub/Editor/2021.3.11f1/PlaybackEngines/iOSSupport/UnityEditor.iOS.Extensions.dll
Registered in 0.001102 seconds.
[usbmuxd] Start listen thread
[usbmuxd] Listen thread started
[usbmuxd] Send listen message
Native extension for iOS target not found
Native extension for Android target not found
Native extension for OSXStandalone target not found
Native extension for WebGL target not found
Refreshing native plugins compatible for Editor in 104.36 ms, found 3 plugins.
Preloading 0 native plugins for Editor in 0.00 ms.
Mono: successfully reloaded assembly
- Completed reload, in  0.522 seconds
Domain Reload Profiling:
	ReloadAssembly (522ms)
		BeginReloadAssembly (31ms)
			ExecutionOrderSort (0ms)
			DisableScriptedObjects (0ms)
			BackupInstance (0ms)
			ReleaseScriptingObjects (0ms)
			CreateAndSetChildDomain (0ms)
		EndReloadAssembly (421ms)
			LoadAssemblies (31ms)
			RebuildTransferFunctionScriptingTraits (0ms)
			SetupTypeCache (80ms)
			ReleaseScriptCaches (0ms)
			RebuildScriptCaches (21ms)
			SetupLoadedEditorAssemblies (286ms)
				LogAssemblyErrors (0ms)
				InitializePlatformSupportModulesInManaged (99ms)
				SetLoadedEditorAssemblies (0ms)
				RefreshPlugins (104ms)
				BeforeProcessingInitializeOnLoad (1ms)
				ProcessInitializeOnLoadAttributes (54ms)
				ProcessInitializeOnLoadMethodAttributes (27ms)
				AfterProcessingInitializeOnLoad (0ms)
				EditorAssembliesLoaded (0ms)
			ExecutionOrderSort2 (0ms)
			AwakeInstancesAfterBackupRestoration (0ms)
Platform modules already initialized, skipping
Registering precompiled user dll's ...
Registered in 0.002374 seconds.
Begin MonoManager ReloadAssembly
Symbol file LoadedFromMemory doesn't match image /Users/billw/Unity Projects/EscaPeaSF/EscaPeaSF_1/Library/PackageCache/com.unity.visualscripting@1.7.8/Editor/VisualScripting.Core/Dependencies/DotNetZip/Unity.VisualScripting.IonicZip.dll
Symbol file LoadedFromMemory doesn't match image /Users/billw/Unity Projects/EscaPeaSF/EscaPeaSF_1/Library/PackageCache/com.unity.visualscripting@1.7.8/Editor/VisualScripting.Core/Dependencies/YamlDotNet/Unity.VisualScripting.YamlDotNet.dll
Native extension for iOS target not found
Native extension for Android target not found
Native extension for OSXStandalone target not found
Native extension for WebGL target not found
Refreshing native plugins compatible for Editor in 1.01 ms, found 3 plugins.
Preloading 0 native plugins for Editor in 0.00 ms.
Fallback handler could not load library /Applications/Unity/Hub/Editor/2021.3.11f1/Unity.app/Contents/Frameworks/MonoBleedingEdge/lib/ardk_client_platform
Fallback handler could not load library /Applications/Unity/Hub/Editor/2021.3.11f1/Unity.app/Contents/Frameworks/MonoBleedingEdge/lib/libardk_client_platform.dylib
Fallback handler could not load library /Applications/Unity/Hub/Editor/2021.3.11f1/Unity.app/Contents/Frameworks/MonoBleedingEdge/lib/libardk_client_platform.dylib
Fallback handler could not load library /Applications/Unity/Hub/Editor/2021.3.11f1/Unity.app/Contents/Frameworks/MonoBleedingEdge/lib/libardk_client_platform.so
Fallback handler could not load library /Applications/Unity/Hub/Editor/2021.3.11f1/Unity.app/Contents/Frameworks/MonoBleedingEdge/lib/libardk_client_platform.bundle
Fallback handler could not load library /Applications/Unity/Hub/Editor/2021.3.11f1/Unity.app/Contents/Frameworks/MonoBleedingEdge/lib/ardk_client_platform
Fallback handler could not load library /Applications/Unity/Hub/Editor/2021.3.11f1/Unity.app/Contents/Frameworks/MonoBleedingEdge/lib/libardk_client_platform
Fallback handler could not load library /Applications/Unity/Hub/Editor/2021.3.11f1/Unity.app/Contents/Frameworks/MonoBleedingEdge/lib/libardk_client_platform.dylib
Fallback handler could not load library /Applications/Unity/Hub/Editor/2021.3.11f1/Unity.app/Contents/Frameworks/MonoBleedingEdge/lib/libardk_client_platform.dylib
Fallback handler could not load library /Applications/Unity/Hub/Editor/2021.3.11f1/Unity.app/Contents/Frameworks/MonoBleedingEdge/lib/libardk_client_platform.so
Fallback handler could not load library /Applications/Unity/Hub/Editor/2021.3.11f1/Unity.app/Contents/Frameworks/MonoBleedingEdge/lib/libardk_client_platform.bundle
Fallback handler could not load library /Applications/Unity/Hub/Editor/2021.3.11f1/Unity.app/Contents/Frameworks/MonoBleedingEdge/lib/libardk_client_platform
Fallback handler could not load library /Applications/Unity/Hub/Editor/2021.3.11f1/Unity.app/Contents/Frameworks/MonoBleedingEdge/lib/ardk_client_platform
Fallback handler could not load library /Applications/Unity/Hub/Editor/2021.3.11f1/Unity.app/Contents/Frameworks/MonoBleedingEdge/lib/libardk_client_platform.dylib
Fallback handler could not load library /Applications/Unity/Hub/Editor/2021.3.11f1/Unity.app/Contents/Frameworks/MonoBleedingEdge/lib/libardk_client_platform.dylib
Fallback handler could not load library /Applications/Unity/Hub/Editor/2021.3.11f1/Unity.app/Contents/Frameworks/MonoBleedingEdge/lib/libardk_client_platform.so
Fallback handler could not load library /Applications/Unity/Hub/Editor/2021.3.11f1/Unity.app/Contents/Frameworks/MonoBleedingEdge/lib/libardk_client_platform.bundle
Fallback handler could not load library /Applications/Unity/Hub/Editor/2021.3.11f1/Unity.app/Contents/Frameworks/MonoBleedingEdge/lib/ardk_client_platform
Fallback handler could not load library /Applications/Unity/Hub/Editor/2021.3.11f1/Unity.app/Contents/Frameworks/MonoBleedingEdge/lib/libardk_client_platform
Fallback handler could not load library /Applications/Unity/Hub/Editor/2021.3.11f1/Unity.app/Contents/Frameworks/MonoBleedingEdge/lib/libardk_client_platform.dylib
Fallback handler could not load library /Applications/Unity/Hub/Editor/2021.3.11f1/Unity.app/Contents/Frameworks/MonoBleedingEdge/lib/libardk_client_platform.dylib
Fallback handler could not load library /Applications/Unity/Hub/Editor/2021.3.11f1/Unity.app/Contents/Frameworks/MonoBleedingEdge/lib/libardk_client_platform.so
Fallback handler could not load library /Applications/Unity/Hub/Editor/2021.3.11f1/Unity.app/Contents/Frameworks/MonoBleedingEdge/lib/libardk_client_platform.bundle
Fallback handler could not load library /Applications/Unity/Hub/Editor/2021.3.11f1/Unity.app/Contents/Frameworks/MonoBleedingEdge/lib/libardk_client_platform
Mono: successfully reloaded assembly
Package Manager log level set to [2]
- Completed reload, in  0.916 seconds
Domain Reload Profiling:
	ReloadAssembly (916ms)
		BeginReloadAssembly (168ms)
			ExecutionOrderSort (0ms)
			DisableScriptedObjects (4ms)
			BackupInstance (0ms)
			ReleaseScriptingObjects (0ms)
			CreateAndSetChildDomain (123ms)
		EndReloadAssembly (671ms)
			LoadAssemblies (61ms)
			RebuildTransferFunctionScriptingTraits (0ms)
			SetupTypeCache (182ms)
			ReleaseScriptCaches (6ms)
			RebuildScriptCaches (45ms)
			SetupLoadedEditorAssemblies (344ms)
				LogAssemblyErrors (0ms)
				InitializePlatformSupportModulesInManaged (18ms)
				SetLoadedEditorAssemblies (0ms)
				RefreshPlugins (1ms)
				BeforeProcessingInitializeOnLoad (65ms)
				ProcessInitializeOnLoadAttributes (183ms)
				ProcessInitializeOnLoadMethodAttributes (75ms)
				AfterProcessingInitializeOnLoad (1ms)
				EditorAssembliesLoaded (0ms)
			ExecutionOrderSort2 (0ms)
			AwakeInstancesAfterBackupRestoration (2ms)
Platform modules already initialized, skipping
========================================================================
Worker process is ready to serve import requests
Launching external process: /Applications/Unity/Hub/Editor/2021.3.11f1/Unity.app/Contents/Tools/UnityShaderCompiler
Launched and connected shader compiler UnityShaderCompiler after 0.05 seconds
Refreshing native plugins compatible for Editor in 0.96 ms, found 3 plugins.
Preloading 0 native plugins for Editor in 0.00 ms.
Unloading 4426 Unused Serialized files (Serialized files now loaded: 0)
Unloading 70 unused Assets / (142.8 KB). Loaded Objects now: 4871.
Memory consumption went from 119.9 MB to 119.7 MB.
Total: 4.109583 ms (FindLiveObjects: 0.216500 ms CreateObjectMapping: 0.196917 ms MarkObjects: 3.269083 ms  DeleteObjects: 0.426000 ms)

Unloading 0 Unused Serialized files (Serialized files now loaded: 0)
Unloading 0 unused Assets / (30.2 KB). Loaded Objects now: 4871.
Memory consumption went from 119.7 MB to 119.7 MB.
Total: 2.430875 ms (FindLiveObjects: 0.139917 ms CreateObjectMapping: 0.055709 ms MarkObjects: 2.229125 ms  DeleteObjects: 0.005750 ms)

AssetImportParameters requested are different than current active one (requested -> active):
  custom:video-decoder-ogg-theora: a1e56fd34408186e4bbccfd4996cb3dc -> 
  custom:container-muxer-webm: aa71ff27fc2769a1b78a27578f13a17b -> 
  custom:container-demuxer-webm: 4f35f7cbe854078d1ac9338744f61a02 -> 
  custom:video-encoder-webm-vp8: eb34c28f22e8b96e1ab97ce403110664 -> 
  custom:framework-osx-AVFoundation: e770b220cccbd017edd2c1fefb359320 -> 
  custom:audio-encoder-webm-vorbis: bf7c407c2cedff20999df2af8eb42d56 -> 
  custom:container-demuxer-ogg: 62fdf1f143b41e24485cea50d1cbac27 -> 
  custom:video-decoder-webm-vp8: 9c59270c3fd7afecdb556c50c9e8de78 -> 
  custom:audio-decoder-ogg-vorbis: bf7c407c2cedff20999df2af8eb42d56 -> 
========================================================================
Received Import Request.
  Time since last request: 10930.366528 seconds.
  path: Assets/Models/stone text/Individual Letters/Stone-X.prefab
  artifactKey: Guid(c43364655748744e4865aa7be760cd47) Importer(815301076,1909f56bfc062723c751e8b465ee728b)
Start importing Assets/Models/stone text/Individual Letters/Stone-X.prefab using Guid(c43364655748744e4865aa7be760cd47) Importer(815301076,1909f56bfc062723c751e8b465ee728b)  -> (artifact id: 'fda5ea7c029ca04e2778ea3cb9500d34') in 0.157091 seconds 
========================================================================
Received Import Request.
  Time since last request: 3.052139 seconds.
  path: Assets/Models/stone text/Individual Letters/Stone-X.prefab
  artifactKey: Guid(c43364655748744e4865aa7be760cd47) Importer(815301076,1909f56bfc062723c751e8b465ee728b)
Start importing Assets/Models/stone text/Individual Letters/Stone-X.prefab using Guid(c43364655748744e4865aa7be760cd47) Importer(815301076,1909f56bfc062723c751e8b465ee728b)  -> (artifact id: 'd573c35c94827c8642b25e007929d9ab') in 0.010241 seconds 
========================================================================
Received Import Request.
  Time since last request: 1.399119 seconds.
  path: Assets/Models/stone text/Individual Letters/Stone-X.prefab
  artifactKey: Guid(c43364655748744e4865aa7be760cd47) Importer(815301076,1909f56bfc062723c751e8b465ee728b)
Start importing Assets/Models/stone text/Individual Letters/Stone-X.prefab using Guid(c43364655748744e4865aa7be760cd47) Importer(815301076,1909f56bfc062723c751e8b465ee728b)  -> (artifact id: '99acacbbad6f234f9c4e6ec9bc8ac08f') in 0.007997 seconds 
========================================================================
Received Import Request.
  Time since last request: 2.311899 seconds.
  path: Assets/Models/stone text/Individual Letters/Stone-D.prefab
  artifactKey: Guid(68cd144e20f2440d4a03691a21a7161a) Importer(815301076,1909f56bfc062723c751e8b465ee728b)
Start importing Assets/Models/stone text/Individual Letters/Stone-D.prefab using Guid(68cd144e20f2440d4a03691a21a7161a) Importer(815301076,1909f56bfc062723c751e8b465ee728b)  -> (artifact id: '30a82c8daf57f12ddec17e8c5a225131') in 0.010318 seconds 
========================================================================
Received Import Request.
  Time since last request: 0.390127 seconds.
  path: Assets/Models/stone text/Individual Letters/Stone-L.prefab
  artifactKey: Guid(f7c082cd1e8c04934a33b1df7bd70462) Importer(815301076,1909f56bfc062723c751e8b465ee728b)
Start importing Assets/Models/stone text/Individual Letters/Stone-L.prefab using Guid(f7c082cd1e8c04934a33b1df7bd70462) Importer(815301076,1909f56bfc062723c751e8b465ee728b)  -> (artifact id: 'e16ce8481975aefc7fd3631f82ea1289') in 0.008120 seconds 
========================================================================
Received Import Request.
  Time since last request: 0.583312 seconds.
  path: Assets/Models/stone text/Individual Letters/Stone-Q.prefab
  artifactKey: Guid(162884c2b149a4f26acb07aa9677edf9) Importer(815301076,1909f56bfc062723c751e8b465ee728b)
Start importing Assets/Models/stone text/Individual Letters/Stone-Q.prefab using Guid(162884c2b149a4f26acb07aa9677edf9) Importer(815301076,1909f56bfc062723c751e8b465ee728b)  -> (artifact id: '5e42c08414f4579ab8c7eeed661c232a') in 0.008948 seconds 
========================================================================
Received Import Request.
  Time since last request: 0.812496 seconds.
  path: Assets/Models/stone text/Individual Letters/Stone-C.prefab
  artifactKey: Guid(10261ad17073b4221853de9d0de7f31b) Importer(815301076,1909f56bfc062723c751e8b465ee728b)
Start importing Assets/Models/stone text/Individual Letters/Stone-C.prefab using Guid(10261ad17073b4221853de9d0de7f31b) Importer(815301076,1909f56bfc062723c751e8b465ee728b)  -> (artifact id: '66125e97fe8ac02bee5b5d4361843d6b') in 0.008702 seconds 
========================================================================
Received Import Request.
  Time since last request: 0.685203 seconds.
  path: Assets/Models/stone text/Individual Letters/Stone-A.prefab
  artifactKey: Guid(38d4182a5e4524dcb9f873b3dad2568c) Importer(815301076,1909f56bfc062723c751e8b465ee728b)
Start importing Assets/Models/stone text/Individual Letters/Stone-A.prefab using Guid(38d4182a5e4524dcb9f873b3dad2568c) Importer(815301076,1909f56bfc062723c751e8b465ee728b)  -> (artifact id: 'd46c0aee12d4e20d6c0959ed5ab46e14') in 0.007705 seconds 
========================================================================
Received Import Request.
  Time since last request: 0.960535 seconds.
  path: Assets/Models/stone text/Individual Letters/GroupedLetters/GroupLetters1.prefab
  artifactKey: Guid(dddd4177da72a4c8c8aaa5277aeb1598) Importer(815301076,1909f56bfc062723c751e8b465ee728b)
Start importing Assets/Models/stone text/Individual Letters/GroupedLetters/GroupLetters1.prefab using Guid(dddd4177da72a4c8c8aaa5277aeb1598) Importer(815301076,1909f56bfc062723c751e8b465ee728b)  -> (artifact id: '483e95b5b9b7b7212343c805ed0be24c') in 0.013605 seconds 
========================================================================
Received Import Request.
  Time since last request: 65.968167 seconds.
  path: Assets/Models/stone text/Individual Letters/GroupedLetters/BuildingLetters.unity
  artifactKey: Guid(7ab408c50b3304ab0b43807106667e0c) Importer(815301076,1909f56bfc062723c751e8b465ee728b)
Start importing Assets/Models/stone text/Individual Letters/GroupedLetters/BuildingLetters.unity using Guid(7ab408c50b3304ab0b43807106667e0c) Importer(815301076,1909f56bfc062723c751e8b465ee728b)  -> (artifact id: 'bb069da2f3255e9ca7ebfddc654ef6d2') in 0.000764 seconds 
========================================================================
Received Import Request.
  Time since last request: 204.747738 seconds.
  path: Assets/Models/stone text/Individual Letters/GroupedLetters/GroupFall.prefab
  artifactKey: Guid(c5b92756f64db4fb5999233065e10db7) Importer(815301076,1909f56bfc062723c751e8b465ee728b)
Start importing Assets/Models/stone text/Individual Letters/GroupedLetters/GroupFall.prefab using Guid(c5b92756f64db4fb5999233065e10db7) Importer(815301076,1909f56bfc062723c751e8b465ee728b)  -> (artifact id: 'fa633fb496ae807c1e25ae76b6acb00f') in 0.012263 seconds 
========================================================================
Received Import Request.
  Time since last request: 20.598425 seconds.
  path: Assets/ARDKExamples/RemoteAuthoring/RemoteAuthoring.unity
  artifactKey: Guid(b42b611c6ac6c4128ae1090ed0ec3121) Importer(815301076,1909f56bfc062723c751e8b465ee728b)
Start importing Assets/ARDKExamples/RemoteAuthoring/RemoteAuthoring.unity using Guid(b42b611c6ac6c4128ae1090ed0ec3121) Importer(815301076,1909f56bfc062723c751e8b465ee728b)  -> (artifact id: '51716ff0637dc73806b22db238c5ea0f') in 0.000571 seconds 
========================================================================
Received Prepare
Registering precompiled user dll's ...
Registered in 0.003435 seconds.
Begin MonoManager ReloadAssembly
Thread 0x2a849f000 may have been prematurely finalized
Symbol file LoadedFromMemory doesn't match image /Users/billw/Unity Projects/EscaPeaSF/EscaPeaSF_1/Library/PackageCache/com.unity.visualscripting@1.7.8/Editor/VisualScripting.Core/Dependencies/DotNetZip/Unity.VisualScripting.IonicZip.dll
Symbol file LoadedFromMemory doesn't match image /Users/billw/Unity Projects/EscaPeaSF/EscaPeaSF_1/Library/PackageCache/com.unity.visualscripting@1.7.8/Editor/VisualScripting.Core/Dependencies/YamlDotNet/Unity.VisualScripting.YamlDotNet.dll
Native extension for iOS target not found
Native extension for Android target not found
Native extension for OSXStandalone target not found
Native extension for WebGL target not found
Refreshing native plugins compatible for Editor in 1.12 ms, found 3 plugins.
Preloading 0 native plugins for Editor in 0.00 ms.
Fallback handler could not load library /Applications/Unity/Hub/Editor/2021.3.11f1/Unity.app/Contents/Frameworks/MonoBleedingEdge/lib/ardk_client_platform
Fallback handler could not load library /Applications/Unity/Hub/Editor/2021.3.11f1/Unity.app/Contents/Frameworks/MonoBleedingEdge/lib/libardk_client_platform.dylib
Fallback handler could not load library /Applications/Unity/Hub/Editor/2021.3.11f1/Unity.app/Contents/Frameworks/MonoBleedingEdge/lib/libardk_client_platform.dylib
Fallback handler could not load library /Applications/Unity/Hub/Editor/2021.3.11f1/Unity.app/Contents/Frameworks/MonoBleedingEdge/lib/libardk_client_platform.so
Fallback handler could not load library /Applications/Unity/Hub/Editor/2021.3.11f1/Unity.app/Contents/Frameworks/MonoBleedingEdge/lib/libardk_client_platform.bundle
Fallback handler could not load library /Applications/Unity/Hub/Editor/2021.3.11f1/Unity.app/Contents/Frameworks/MonoBleedingEdge/lib/ardk_client_platform
Fallback handler could not load library /Applications/Unity/Hub/Editor/2021.3.11f1/Unity.app/Contents/Frameworks/MonoBleedingEdge/lib/libardk_client_platform
Fallback handler could not load library /Applications/Unity/Hub/Editor/2021.3.11f1/Unity.app/Contents/Frameworks/MonoBleedingEdge/lib/libardk_client_platform.dylib
Fallback handler could not load library /Applications/Unity/Hub/Editor/2021.3.11f1/Unity.app/Contents/Frameworks/MonoBleedingEdge/lib/libardk_client_platform.dylib
Fallback handler could not load library /Applications/Unity/Hub/Editor/2021.3.11f1/Unity.app/Contents/Frameworks/MonoBleedingEdge/lib/libardk_client_platform.so
Fallback handler could not load library /Applications/Unity/Hub/Editor/2021.3.11f1/Unity.app/Contents/Frameworks/MonoBleedingEdge/lib/libardk_client_platform.bundle
Fallback handler could not load library /Applications/Unity/Hub/Editor/2021.3.11f1/Unity.app/Contents/Frameworks/MonoBleedingEdge/lib/libardk_client_platform
Fallback handler could not load library /Applications/Unity/Hub/Editor/2021.3.11f1/Unity.app/Contents/Frameworks/MonoBleedingEdge/lib/ardk_client_platform
Fallback handler could not load library /Applications/Unity/Hub/Editor/2021.3.11f1/Unity.app/Contents/Frameworks/MonoBleedingEdge/lib/libardk_client_platform.dylib
Fallback handler could not load library /Applications/Unity/Hub/Editor/2021.3.11f1/Unity.app/Contents/Frameworks/MonoBleedingEdge/lib/libardk_client_platform.dylib
Fallback handler could not load library /Applications/Unity/Hub/Editor/2021.3.11f1/Unity.app/Contents/Frameworks/MonoBleedingEdge/lib/libardk_client_platform.so
Fallback handler could not load library /Applications/Unity/Hub/Editor/2021.3.11f1/Unity.app/Contents/Frameworks/MonoBleedingEdge/lib/libardk_client_platform.bundle
Fallback handler could not load library /Applications/Unity/Hub/Editor/2021.3.11f1/Unity.app/Contents/Frameworks/MonoBleedingEdge/lib/ardk_client_platform
Fallback handler could not load library /Applications/Unity/Hub/Editor/2021.3.11f1/Unity.app/Contents/Frameworks/MonoBleedingEdge/lib/libardk_client_platform
Fallback handler could not load library /Applications/Unity/Hub/Editor/2021.3.11f1/Unity.app/Contents/Frameworks/MonoBleedingEdge/lib/libardk_client_platform.dylib
Fallback handler could not load library /Applications/Unity/Hub/Editor/2021.3.11f1/Unity.app/Contents/Frameworks/MonoBleedingEdge/lib/libardk_client_platform.dylib
Fallback handler could not load library /Applications/Unity/Hub/Editor/2021.3.11f1/Unity.app/Contents/Frameworks/MonoBleedingEdge/lib/libardk_client_platform.so
Fallback handler could not load library /Applications/Unity/Hub/Editor/2021.3.11f1/Unity.app/Contents/Frameworks/MonoBleedingEdge/lib/libardk_client_platform.bundle
Fallback handler could not load library /Applications/Unity/Hub/Editor/2021.3.11f1/Unity.app/Contents/Frameworks/MonoBleedingEdge/lib/libardk_client_platform
#Niantic.ARDK.Internals.StartupSystems#: Could not load an ArdkAuthConfig, please add one in a Resources/ARDK/ directory. For more information, visit the niantic.dev/docs/authentication.html site.
UnityEngine.StackTraceUtility:ExtractStackTrace () (at /Users/bokken/buildslave/unity/build/Runtime/Export/Scripting/StackTrace.cs:37)
UnityEngine.DebugLogHandler:LogFormat (UnityEngine.LogType,UnityEngine.Object,string,object[])
UnityEngine.Logger:Log (UnityEngine.LogType,object)
UnityEngine.Debug:LogError (object)
Niantic.ARDK.Utilities.Logging.UnityARLogHandler:Error (string) (at Assets/ARDK/Utilities/Logging/LogHandler/UnityARLogHandler.cs:41)
Niantic.ARDK.Utilities.Logging.ARLog:_Error (string) (at Assets/ARDK/Utilities/Logging/ARLog.cs:198)
Niantic.ARDK.Internals.StartupSystems:_SetAuthenticationParameters () (at Assets/ARDK/Internals/StartupSystems.cs:146)
Niantic.ARDK.Internals.StartupSystems:_SetCSharpInitializationMetadata () (at Assets/ARDK/Internals/StartupSystems.cs:111)
Niantic.ARDK.Internals.StartupSystems:EditorStartup () (at Assets/ARDK/Internals/StartupSystems.cs:59)
System.Reflection.RuntimeMethodInfo:Invoke (object,System.Reflection.BindingFlags,System.Reflection.Binder,object[],System.Globalization.CultureInfo)
System.Reflection.MethodBase:Invoke (object,object[])
UnityEditor.EditorAssemblies:ProcessInitializeOnLoadMethodAttributes () (at /Users/bokken/buildslave/unity/build/Editor/Mono/EditorAssemblies.cs:147)

(Filename: Assets/ARDK/Utilities/Logging/LogHandler/UnityARLogHandler.cs Line: 41)

#Niantic.ARDK.Internals.StartupSystems#: No API Key was found. Add it to an ArdkAuthConfig asset. For more information, visit the niantic.dev/docs/authentication.html site.
UnityEngine.StackTraceUtility:ExtractStackTrace () (at /Users/bokken/buildslave/unity/build/Runtime/Export/Scripting/StackTrace.cs:37)
UnityEngine.DebugLogHandler:LogFormat (UnityEngine.LogType,UnityEngine.Object,string,object[])
UnityEngine.Logger:Log (UnityEngine.LogType,object)
UnityEngine.Debug:LogError (object)
Niantic.ARDK.Utilities.Logging.UnityARLogHandler:Error (string) (at Assets/ARDK/Utilities/Logging/LogHandler/UnityARLogHandler.cs:41)
Niantic.ARDK.Utilities.Logging.ARLog:_Error (string) (at Assets/ARDK/Utilities/Logging/ARLog.cs:198)
Niantic.ARDK.Internals.StartupSystems:_SetAuthenticationParameters () (at Assets/ARDK/Internals/StartupSystems.cs:174)
Niantic.ARDK.Internals.StartupSystems:_SetCSharpInitializationMetadata () (at Assets/ARDK/Internals/StartupSystems.cs:111)
Niantic.ARDK.Internals.StartupSystems:EditorStartup () (at Assets/ARDK/Internals/StartupSystems.cs:59)
System.Reflection.RuntimeMethodInfo:Invoke (object,System.Reflection.BindingFlags,System.Reflection.Binder,object[],System.Globalization.CultureInfo)
System.Reflection.MethodBase:Invoke (object,object[])
UnityEditor.EditorAssemblies:ProcessInitializeOnLoadMethodAttributes () (at /Users/bokken/buildslave/unity/build/Editor/Mono/EditorAssemblies.cs:147)

(Filename: Assets/ARDK/Utilities/Logging/LogHandler/UnityARLogHandler.cs Line: 41)

Mono: successfully reloaded assembly
- Completed reload, in  0.751 seconds
Domain Reload Profiling:
	ReloadAssembly (752ms)
		BeginReloadAssembly (93ms)
			ExecutionOrderSort (0ms)
			DisableScriptedObjects (4ms)
			BackupInstance (0ms)
			ReleaseScriptingObjects (0ms)
			CreateAndSetChildDomain (45ms)
		EndReloadAssembly (594ms)
			LoadAssemblies (40ms)
			RebuildTransferFunctionScriptingTraits (0ms)
			SetupTypeCache (194ms)
			ReleaseScriptCaches (1ms)
			RebuildScriptCaches (34ms)
			SetupLoadedEditorAssemblies (286ms)
				LogAssemblyErrors (0ms)
				InitializePlatformSupportModulesInManaged (21ms)
				SetLoadedEditorAssemblies (0ms)
				RefreshPlugins (1ms)
				BeforeProcessingInitializeOnLoad (45ms)
				ProcessInitializeOnLoadAttributes (142ms)
				ProcessInitializeOnLoadMethodAttributes (75ms)
				AfterProcessingInitializeOnLoad (2ms)
				EditorAssembliesLoaded (0ms)
			ExecutionOrderSort2 (0ms)
			AwakeInstancesAfterBackupRestoration (3ms)
Platform modules already initialized, skipping
Refreshing native plugins compatible for Editor in 3.20 ms, found 3 plugins.
Preloading 0 native plugins for Editor in 0.00 ms.
Unloading 4389 Unused Serialized files (Serialized files now loaded: 0)
Unloading 63 unused Assets / (122.6 KB). Loaded Objects now: 4879.
Memory consumption went from 199.7 MB to 199.5 MB.
Total: 2.703333 ms (FindLiveObjects: 0.168042 ms CreateObjectMapping: 0.112750 ms MarkObjects: 2.302750 ms  DeleteObjects: 0.118833 ms)

Unloading 0 Unused Serialized files (Serialized files now loaded: 0)
Unloading 0 unused Assets / (30.6 KB). Loaded Objects now: 4879.
Memory consumption went from 199.5 MB to 199.5 MB.
Total: 2.952125 ms (FindLiveObjects: 0.150000 ms CreateObjectMapping: 0.059208 ms MarkObjects: 2.735250 ms  DeleteObjects: 0.006708 ms)

AssetImportParameters requested are different than current active one (requested -> active):
  custom:video-decoder-ogg-theora: a1e56fd34408186e4bbccfd4996cb3dc -> 
  custom:container-muxer-webm: aa71ff27fc2769a1b78a27578f13a17b -> 
  custom:container-demuxer-webm: 4f35f7cbe854078d1ac9338744f61a02 -> 
  custom:video-encoder-webm-vp8: eb34c28f22e8b96e1ab97ce403110664 -> 
  custom:framework-osx-AVFoundation: e770b220cccbd017edd2c1fefb359320 -> 
  custom:audio-encoder-webm-vorbis: bf7c407c2cedff20999df2af8eb42d56 -> 
  custom:container-demuxer-ogg: 62fdf1f143b41e24485cea50d1cbac27 -> 
  custom:video-decoder-webm-vp8: 9c59270c3fd7afecdb556c50c9e8de78 -> 
  custom:audio-decoder-ogg-vorbis: bf7c407c2cedff20999df2af8eb42d56 -> 
========================================================================
Received Prepare
Registering precompiled user dll's ...
Registered in 0.004090 seconds.
Begin MonoManager ReloadAssembly
Thread 0x2a849f000 may have been prematurely finalized
Symbol file LoadedFromMemory doesn't match image /Users/billw/Unity Projects/EscaPeaSF/EscaPeaSF_1/Library/PackageCache/com.unity.visualscripting@1.7.8/Editor/VisualScripting.Core/Dependencies/DotNetZip/Unity.VisualScripting.IonicZip.dll
Symbol file LoadedFromMemory doesn't match image /Users/billw/Unity Projects/EscaPeaSF/EscaPeaSF_1/Library/PackageCache/com.unity.visualscripting@1.7.8/Editor/VisualScripting.Core/Dependencies/YamlDotNet/Unity.VisualScripting.YamlDotNet.dll
Native extension for iOS target not found
Native extension for Android target not found
Native extension for OSXStandalone target not found
Native extension for WebGL target not found
Refreshing native plugins compatible for Editor in 1.30 ms, found 3 plugins.
Preloading 0 native plugins for Editor in 0.00 ms.
Fallback handler could not load library /Applications/Unity/Hub/Editor/2021.3.11f1/Unity.app/Contents/Frameworks/MonoBleedingEdge/lib/ardk_client_platform
Fallback handler could not load library /Applications/Unity/Hub/Editor/2021.3.11f1/Unity.app/Contents/Frameworks/MonoBleedingEdge/lib/libardk_client_platform.dylib
Fallback handler could not load library /Applications/Unity/Hub/Editor/2021.3.11f1/Unity.app/Contents/Frameworks/MonoBleedingEdge/lib/libardk_client_platform.dylib
Fallback handler could not load library /Applications/Unity/Hub/Editor/2021.3.11f1/Unity.app/Contents/Frameworks/MonoBleedingEdge/lib/libardk_client_platform.so
Fallback handler could not load library /Applications/Unity/Hub/Editor/2021.3.11f1/Unity.app/Contents/Frameworks/MonoBleedingEdge/lib/libardk_client_platform.bundle
Fallback handler could not load library /Applications/Unity/Hub/Editor/2021.3.11f1/Unity.app/Contents/Frameworks/MonoBleedingEdge/lib/ardk_client_platform
Fallback handler could not load library /Applications/Unity/Hub/Editor/2021.3.11f1/Unity.app/Contents/Frameworks/MonoBleedingEdge/lib/libardk_client_platform
Fallback handler could not load library /Applications/Unity/Hub/Editor/2021.3.11f1/Unity.app/Contents/Frameworks/MonoBleedingEdge/lib/libardk_client_platform.dylib
Fallback handler could not load library /Applications/Unity/Hub/Editor/2021.3.11f1/Unity.app/Contents/Frameworks/MonoBleedingEdge/lib/libardk_client_platform.dylib
Fallback handler could not load library /Applications/Unity/Hub/Editor/2021.3.11f1/Unity.app/Contents/Frameworks/MonoBleedingEdge/lib/libardk_client_platform.so
Fallback handler could not load library /Applications/Unity/Hub/Editor/2021.3.11f1/Unity.app/Contents/Frameworks/MonoBleedingEdge/lib/libardk_client_platform.bundle
Fallback handler could not load library /Applications/Unity/Hub/Editor/2021.3.11f1/Unity.app/Contents/Frameworks/MonoBleedingEdge/lib/libardk_client_platform
Fallback handler could not load library /Applications/Unity/Hub/Editor/2021.3.11f1/Unity.app/Contents/Frameworks/MonoBleedingEdge/lib/ardk_client_platform
Fallback handler could not load library /Applications/Unity/Hub/Editor/2021.3.11f1/Unity.app/Contents/Frameworks/MonoBleedingEdge/lib/libardk_client_platform.dylib
Fallback handler could not load library /Applications/Unity/Hub/Editor/2021.3.11f1/Unity.app/Contents/Frameworks/MonoBleedingEdge/lib/libardk_client_platform.dylib
Fallback handler could not load library /Applications/Unity/Hub/Editor/2021.3.11f1/Unity.app/Contents/Frameworks/MonoBleedingEdge/lib/libardk_client_platform.so
Fallback handler could not load library /Applications/Unity/Hub/Editor/2021.3.11f1/Unity.app/Contents/Frameworks/MonoBleedingEdge/lib/libardk_client_platform.bundle
Fallback handler could not load library /Applications/Unity/Hub/Editor/2021.3.11f1/Unity.app/Contents/Frameworks/MonoBleedingEdge/lib/ardk_client_platform
Fallback handler could not load library /Applications/Unity/Hub/Editor/2021.3.11f1/Unity.app/Contents/Frameworks/MonoBleedingEdge/lib/libardk_client_platform
Fallback handler could not load library /Applications/Unity/Hub/Editor/2021.3.11f1/Unity.app/Contents/Frameworks/MonoBleedingEdge/lib/libardk_client_platform.dylib
Fallback handler could not load library /Applications/Unity/Hub/Editor/2021.3.11f1/Unity.app/Contents/Frameworks/MonoBleedingEdge/lib/libardk_client_platform.dylib
Fallback handler could not load library /Applications/Unity/Hub/Editor/2021.3.11f1/Unity.app/Contents/Frameworks/MonoBleedingEdge/lib/libardk_client_platform.so
Fallback handler could not load library /Applications/Unity/Hub/Editor/2021.3.11f1/Unity.app/Contents/Frameworks/MonoBleedingEdge/lib/libardk_client_platform.bundle
Fallback handler could not load library /Applications/Unity/Hub/Editor/2021.3.11f1/Unity.app/Contents/Frameworks/MonoBleedingEdge/lib/libardk_client_platform
#Niantic.ARDK.Internals.StartupSystems#: Could not load an ArdkAuthConfig, please add one in a Resources/ARDK/ directory. For more information, visit the niantic.dev/docs/authentication.html site.
UnityEngine.StackTraceUtility:ExtractStackTrace () (at /Users/bokken/buildslave/unity/build/Runtime/Export/Scripting/StackTrace.cs:37)
UnityEngine.DebugLogHandler:LogFormat (UnityEngine.LogType,UnityEngine.Object,string,object[])
UnityEngine.Logger:Log (UnityEngine.LogType,object)
UnityEngine.Debug:LogError (object)
Niantic.ARDK.Utilities.Logging.UnityARLogHandler:Error (string) (at Assets/ARDK/Utilities/Logging/LogHandler/UnityARLogHandler.cs:41)
Niantic.ARDK.Utilities.Logging.ARLog:_Error (string) (at Assets/ARDK/Utilities/Logging/ARLog.cs:198)
Niantic.ARDK.Internals.StartupSystems:_SetAuthenticationParameters () (at Assets/ARDK/Internals/StartupSystems.cs:146)
Niantic.ARDK.Internals.StartupSystems:_SetCSharpInitializationMetadata () (at Assets/ARDK/Internals/StartupSystems.cs:111)
Niantic.ARDK.Internals.StartupSystems:EditorStartup () (at Assets/ARDK/Internals/StartupSystems.cs:59)
System.Reflection.RuntimeMethodInfo:Invoke (object,System.Reflection.BindingFlags,System.Reflection.Binder,object[],System.Globalization.CultureInfo)
System.Reflection.MethodBase:Invoke (object,object[])
UnityEditor.EditorAssemblies:ProcessInitializeOnLoadMethodAttributes () (at /Users/bokken/buildslave/unity/build/Editor/Mono/EditorAssemblies.cs:147)

(Filename: Assets/ARDK/Utilities/Logging/LogHandler/UnityARLogHandler.cs Line: 41)

#Niantic.ARDK.Internals.StartupSystems#: No API Key was found. Add it to an ArdkAuthConfig asset. For more information, visit the niantic.dev/docs/authentication.html site.
UnityEngine.StackTraceUtility:ExtractStackTrace () (at /Users/bokken/buildslave/unity/build/Runtime/Export/Scripting/StackTrace.cs:37)
UnityEngine.DebugLogHandler:LogFormat (UnityEngine.LogType,UnityEngine.Object,string,object[])
UnityEngine.Logger:Log (UnityEngine.LogType,object)
UnityEngine.Debug:LogError (object)
Niantic.ARDK.Utilities.Logging.UnityARLogHandler:Error (string) (at Assets/ARDK/Utilities/Logging/LogHandler/UnityARLogHandler.cs:41)
Niantic.ARDK.Utilities.Logging.ARLog:_Error (string) (at Assets/ARDK/Utilities/Logging/ARLog.cs:198)
Niantic.ARDK.Internals.StartupSystems:_SetAuthenticationParameters () (at Assets/ARDK/Internals/StartupSystems.cs:174)
Niantic.ARDK.Internals.StartupSystems:_SetCSharpInitializationMetadata () (at Assets/ARDK/Internals/StartupSystems.cs:111)
Niantic.ARDK.Internals.StartupSystems:EditorStartup () (at Assets/ARDK/Internals/StartupSystems.cs:59)
System.Reflection.RuntimeMethodInfo:Invoke (object,System.Reflection.BindingFlags,System.Reflection.Binder,object[],System.Globalization.CultureInfo)
System.Reflection.MethodBase:Invoke (object,object[])
UnityEditor.EditorAssemblies:ProcessInitializeOnLoadMethodAttributes () (at /Users/bokken/buildslave/unity/build/Editor/Mono/EditorAssemblies.cs:147)

(Filename: Assets/ARDK/Utilities/Logging/LogHandler/UnityARLogHandler.cs Line: 41)

Mono: successfully reloaded assembly
- Completed reload, in  0.753 seconds
Domain Reload Profiling:
	ReloadAssembly (753ms)
		BeginReloadAssembly (100ms)
			ExecutionOrderSort (0ms)
			DisableScriptedObjects (3ms)
			BackupInstance (0ms)
			ReleaseScriptingObjects (0ms)
			CreateAndSetChildDomain (57ms)
		EndReloadAssembly (587ms)
			LoadAssemblies (32ms)
			RebuildTransferFunctionScriptingTraits (0ms)
			SetupTypeCache (196ms)
			ReleaseScriptCaches (1ms)
			RebuildScriptCaches (35ms)
			SetupLoadedEditorAssemblies (283ms)
				LogAssemblyErrors (0ms)
				InitializePlatformSupportModulesInManaged (20ms)
				SetLoadedEditorAssemblies (0ms)
				RefreshPlugins (1ms)
				BeforeProcessingInitializeOnLoad (45ms)
				ProcessInitializeOnLoadAttributes (143ms)
				ProcessInitializeOnLoadMethodAttributes (71ms)
				AfterProcessingInitializeOnLoad (2ms)
				EditorAssembliesLoaded (0ms)
			ExecutionOrderSort2 (0ms)
			AwakeInstancesAfterBackupRestoration (3ms)
Platform modules already initialized, skipping
Refreshing native plugins compatible for Editor in 2.57 ms, found 3 plugins.
Preloading 0 native plugins for Editor in 0.00 ms.
Unloading 4389 Unused Serialized files (Serialized files now loaded: 0)
Unloading 63 unused Assets / (122.6 KB). Loaded Objects now: 4879.
Memory consumption went from 205.1 MB to 205.0 MB.
Total: 3.219250 ms (FindLiveObjects: 0.169667 ms CreateObjectMapping: 0.058500 ms MarkObjects: 2.870000 ms  DeleteObjects: 0.120250 ms)

Unloading 0 Unused Serialized files (Serialized files now loaded: 0)
Unloading 0 unused Assets / (29.6 KB). Loaded Objects now: 4879.
Memory consumption went from 205.0 MB to 205.0 MB.
Total: 2.666833 ms (FindLiveObjects: 0.142667 ms CreateObjectMapping: 0.055250 ms MarkObjects: 2.458667 ms  DeleteObjects: 0.009708 ms)

AssetImportParameters requested are different than current active one (requested -> active):
  custom:video-decoder-ogg-theora: a1e56fd34408186e4bbccfd4996cb3dc -> 
  custom:container-muxer-webm: aa71ff27fc2769a1b78a27578f13a17b -> 
  custom:container-demuxer-webm: 4f35f7cbe854078d1ac9338744f61a02 -> 
  custom:video-encoder-webm-vp8: eb34c28f22e8b96e1ab97ce403110664 -> 
  custom:framework-osx-AVFoundation: e770b220cccbd017edd2c1fefb359320 -> 
  custom:audio-encoder-webm-vorbis: bf7c407c2cedff20999df2af8eb42d56 -> 
  custom:container-demuxer-ogg: 62fdf1f143b41e24485cea50d1cbac27 -> 
  custom:video-decoder-webm-vp8: 9c59270c3fd7afecdb556c50c9e8de78 -> 
  custom:audio-decoder-ogg-vorbis: bf7c407c2cedff20999df2af8eb42d56 -> 
