Unity Editor version:    2021.3.11f1 (0a5ca18544bf)
Branch:                  2021.3/staging
Build type:              Release
Batch mode:              YES
macOS version:           Version 13.0.1 (Build 22A400)
Darwin version:          22.1.0
Architecture:            arm64
Running under Rosetta:   NO
Available memory:        16384 MB
Using pre-set license
Pro License: YES

COMMAND LINE ARGUMENTS:
/Applications/Unity/Hub/Editor/2021.3.11f1/Unity.app/Contents/MacOS/Unity
-adb2
-batchMode
-noUpm
-name
AssetImportWorker1
-projectPath
/Users/billw/Unity Projects/EscaPeaSF/EscaPeaSF_1
-logFile
Logs/AssetImportWorker1.log
-srvPort
50218
Successfully changed project path to: /Users/billw/Unity Projects/EscaPeaSF/EscaPeaSF_1
/Users/billw/Unity Projects/EscaPeaSF/EscaPeaSF_1
[UnityMemory] Configuration Parameters - Can be set up in boot.config
    "memorysetup-bucket-allocator-granularity=16"
    "memorysetup-bucket-allocator-bucket-count=8"
    "memorysetup-bucket-allocator-block-size=33554432"
    "memorysetup-bucket-allocator-block-count=8"
    "memorysetup-main-allocator-block-size=16777216"
    "memorysetup-thread-allocator-block-size=16777216"
    "memorysetup-gfx-main-allocator-block-size=16777216"
    "memorysetup-gfx-thread-allocator-block-size=16777216"
    "memorysetup-cache-allocator-block-size=4194304"
    "memorysetup-typetree-allocator-block-size=2097152"
    "memorysetup-profiler-bucket-allocator-granularity=16"
    "memorysetup-profiler-bucket-allocator-bucket-count=8"
    "memorysetup-profiler-bucket-allocator-block-size=33554432"
    "memorysetup-profiler-bucket-allocator-block-count=8"
    "memorysetup-profiler-allocator-block-size=16777216"
    "memorysetup-profiler-editor-allocator-block-size=1048576"
    "memorysetup-temp-allocator-size-main=16777216"
    "memorysetup-job-temp-allocator-block-size=2097152"
    "memorysetup-job-temp-allocator-block-size-background=1048576"
    "memorysetup-job-temp-allocator-reduction-small-platforms=262144"
    "memorysetup-temp-allocator-size-background-worker=32768"
    "memorysetup-temp-allocator-size-job-worker=262144"
    "memorysetup-temp-allocator-size-preload-manager=33554432"
    "memorysetup-temp-allocator-size-nav-mesh-worker=65536"
    "memorysetup-temp-allocator-size-audio-worker=65536"
    "memorysetup-temp-allocator-size-cloud-worker=32768"
    "memorysetup-temp-allocator-size-gi-baking-worker=262144"
    "memorysetup-temp-allocator-size-gfx=262144"
Refreshing native plugins compatible for Editor in 102.31 ms, found 3 plugins.
Preloading 0 native plugins for Editor in 0.00 ms.
Initialize engine version: 2021.3.11f1 (0a5ca18544bf)
[Subsystems] Discovering subsystems at path /Applications/Unity/Hub/Editor/2021.3.11f1/Unity.app/Contents/Resources/UnitySubsystems
[Subsystems] Discovering subsystems at path /Users/billw/Unity Projects/EscaPeaSF/EscaPeaSF_1/Assets
GfxDevice: creating device client; threaded=0; jobified=0
 preferred device: Apple M1 Pro (high power)
Metal devices available: 1
0: Apple M1 Pro (high power)
Using device Apple M1 Pro (high power)
Initializing Metal device caps: Apple M1 Pro
Initialize mono
Mono path[0] = '/Applications/Unity/Hub/Editor/2021.3.11f1/Unity.app/Contents/Managed'
Mono path[1] = '/Applications/Unity/Hub/Editor/2021.3.11f1/Unity.app/Contents/MonoBleedingEdge/lib/mono/unityjit-macos'
Mono config path = '/Applications/Unity/Hub/Editor/2021.3.11f1/Unity.app/Contents/MonoBleedingEdge/etc'
Using monoOptions --debugger-agent=transport=dt_socket,embedding=1,server=y,suspend=n,address=127.0.0.1:56719
Begin MonoManager ReloadAssembly
Registering precompiled unity dll's ...
Register platform support module: /Applications/Unity/Hub/Editor/2021.3.11f1/PlaybackEngines/WebGLSupport/UnityEditor.WebGL.Extensions.dll
Register platform support module: /Applications/Unity/Hub/Editor/2021.3.11f1/Unity.app/Contents/PlaybackEngines/MacStandaloneSupport/UnityEditor.OSXStandalone.Extensions.dll
Register platform support module: /Applications/Unity/Hub/Editor/2021.3.11f1/PlaybackEngines/AndroidPlayer/UnityEditor.Android.Extensions.dll
Register platform support module: /Applications/Unity/Hub/Editor/2021.3.11f1/PlaybackEngines/iOSSupport/UnityEditor.iOS.Extensions.dll
Registered in 0.000996 seconds.
[usbmuxd] Start listen thread
[usbmuxd] Listen thread started
[usbmuxd] Send listen message
Native extension for iOS target not found
Native extension for Android target not found
Native extension for OSXStandalone target not found
Native extension for WebGL target not found
Refreshing native plugins compatible for Editor in 106.13 ms, found 3 plugins.
Preloading 0 native plugins for Editor in 0.00 ms.
Mono: successfully reloaded assembly
- Completed reload, in  0.511 seconds
Domain Reload Profiling:
	ReloadAssembly (511ms)
		BeginReloadAssembly (30ms)
			ExecutionOrderSort (0ms)
			DisableScriptedObjects (0ms)
			BackupInstance (0ms)
			ReleaseScriptingObjects (0ms)
			CreateAndSetChildDomain (0ms)
		EndReloadAssembly (408ms)
			LoadAssemblies (30ms)
			RebuildTransferFunctionScriptingTraits (0ms)
			SetupTypeCache (79ms)
			ReleaseScriptCaches (0ms)
			RebuildScriptCaches (22ms)
			SetupLoadedEditorAssemblies (277ms)
				LogAssemblyErrors (0ms)
				InitializePlatformSupportModulesInManaged (86ms)
				SetLoadedEditorAssemblies (0ms)
				RefreshPlugins (106ms)
				BeforeProcessingInitializeOnLoad (1ms)
				ProcessInitializeOnLoadAttributes (55ms)
				ProcessInitializeOnLoadMethodAttributes (27ms)
				AfterProcessingInitializeOnLoad (0ms)
				EditorAssembliesLoaded (0ms)
			ExecutionOrderSort2 (0ms)
			AwakeInstancesAfterBackupRestoration (0ms)
Platform modules already initialized, skipping
Registering precompiled user dll's ...
Registered in 0.002994 seconds.
Begin MonoManager ReloadAssembly
Symbol file LoadedFromMemory doesn't match image /Users/billw/Unity Projects/EscaPeaSF/EscaPeaSF_1/Library/PackageCache/com.unity.visualscripting@1.7.8/Editor/VisualScripting.Core/Dependencies/DotNetZip/Unity.VisualScripting.IonicZip.dll
Symbol file LoadedFromMemory doesn't match image /Users/billw/Unity Projects/EscaPeaSF/EscaPeaSF_1/Library/PackageCache/com.unity.visualscripting@1.7.8/Editor/VisualScripting.Core/Dependencies/YamlDotNet/Unity.VisualScripting.YamlDotNet.dll
Native extension for iOS target not found
Native extension for Android target not found
Native extension for OSXStandalone target not found
Native extension for WebGL target not found
Refreshing native plugins compatible for Editor in 0.87 ms, found 3 plugins.
Preloading 0 native plugins for Editor in 0.00 ms.
Fallback handler could not load library /Applications/Unity/Hub/Editor/2021.3.11f1/Unity.app/Contents/Frameworks/MonoBleedingEdge/lib/ardk_client_platform
Fallback handler could not load library /Applications/Unity/Hub/Editor/2021.3.11f1/Unity.app/Contents/Frameworks/MonoBleedingEdge/lib/libardk_client_platform.dylib
Fallback handler could not load library /Applications/Unity/Hub/Editor/2021.3.11f1/Unity.app/Contents/Frameworks/MonoBleedingEdge/lib/libardk_client_platform.dylib
Fallback handler could not load library /Applications/Unity/Hub/Editor/2021.3.11f1/Unity.app/Contents/Frameworks/MonoBleedingEdge/lib/libardk_client_platform.so
Fallback handler could not load library /Applications/Unity/Hub/Editor/2021.3.11f1/Unity.app/Contents/Frameworks/MonoBleedingEdge/lib/libardk_client_platform.bundle
Fallback handler could not load library /Applications/Unity/Hub/Editor/2021.3.11f1/Unity.app/Contents/Frameworks/MonoBleedingEdge/lib/ardk_client_platform
Fallback handler could not load library /Applications/Unity/Hub/Editor/2021.3.11f1/Unity.app/Contents/Frameworks/MonoBleedingEdge/lib/libardk_client_platform
Fallback handler could not load library /Applications/Unity/Hub/Editor/2021.3.11f1/Unity.app/Contents/Frameworks/MonoBleedingEdge/lib/libardk_client_platform.dylib
Fallback handler could not load library /Applications/Unity/Hub/Editor/2021.3.11f1/Unity.app/Contents/Frameworks/MonoBleedingEdge/lib/libardk_client_platform.dylib
Fallback handler could not load library /Applications/Unity/Hub/Editor/2021.3.11f1/Unity.app/Contents/Frameworks/MonoBleedingEdge/lib/libardk_client_platform.so
Fallback handler could not load library /Applications/Unity/Hub/Editor/2021.3.11f1/Unity.app/Contents/Frameworks/MonoBleedingEdge/lib/libardk_client_platform.bundle
Fallback handler could not load library /Applications/Unity/Hub/Editor/2021.3.11f1/Unity.app/Contents/Frameworks/MonoBleedingEdge/lib/libardk_client_platform
Fallback handler could not load library /Applications/Unity/Hub/Editor/2021.3.11f1/Unity.app/Contents/Frameworks/MonoBleedingEdge/lib/ardk_client_platform
Fallback handler could not load library /Applications/Unity/Hub/Editor/2021.3.11f1/Unity.app/Contents/Frameworks/MonoBleedingEdge/lib/libardk_client_platform.dylib
Fallback handler could not load library /Applications/Unity/Hub/Editor/2021.3.11f1/Unity.app/Contents/Frameworks/MonoBleedingEdge/lib/libardk_client_platform.dylib
Fallback handler could not load library /Applications/Unity/Hub/Editor/2021.3.11f1/Unity.app/Contents/Frameworks/MonoBleedingEdge/lib/libardk_client_platform.so
Fallback handler could not load library /Applications/Unity/Hub/Editor/2021.3.11f1/Unity.app/Contents/Frameworks/MonoBleedingEdge/lib/libardk_client_platform.bundle
Fallback handler could not load library /Applications/Unity/Hub/Editor/2021.3.11f1/Unity.app/Contents/Frameworks/MonoBleedingEdge/lib/ardk_client_platform
Fallback handler could not load library /Applications/Unity/Hub/Editor/2021.3.11f1/Unity.app/Contents/Frameworks/MonoBleedingEdge/lib/libardk_client_platform
Fallback handler could not load library /Applications/Unity/Hub/Editor/2021.3.11f1/Unity.app/Contents/Frameworks/MonoBleedingEdge/lib/libardk_client_platform.dylib
Fallback handler could not load library /Applications/Unity/Hub/Editor/2021.3.11f1/Unity.app/Contents/Frameworks/MonoBleedingEdge/lib/libardk_client_platform.dylib
Fallback handler could not load library /Applications/Unity/Hub/Editor/2021.3.11f1/Unity.app/Contents/Frameworks/MonoBleedingEdge/lib/libardk_client_platform.so
Fallback handler could not load library /Applications/Unity/Hub/Editor/2021.3.11f1/Unity.app/Contents/Frameworks/MonoBleedingEdge/lib/libardk_client_platform.bundle
Fallback handler could not load library /Applications/Unity/Hub/Editor/2021.3.11f1/Unity.app/Contents/Frameworks/MonoBleedingEdge/lib/libardk_client_platform
Mono: successfully reloaded assembly
Package Manager log level set to [2]
- Completed reload, in  0.917 seconds
Domain Reload Profiling:
	ReloadAssembly (917ms)
		BeginReloadAssembly (169ms)
			ExecutionOrderSort (0ms)
			DisableScriptedObjects (3ms)
			BackupInstance (0ms)
			ReleaseScriptingObjects (0ms)
			CreateAndSetChildDomain (123ms)
		EndReloadAssembly (671ms)
			LoadAssemblies (63ms)
			RebuildTransferFunctionScriptingTraits (0ms)
			SetupTypeCache (182ms)
			ReleaseScriptCaches (5ms)
			RebuildScriptCaches (45ms)
			SetupLoadedEditorAssemblies (343ms)
				LogAssemblyErrors (0ms)
				InitializePlatformSupportModulesInManaged (18ms)
				SetLoadedEditorAssemblies (0ms)
				RefreshPlugins (1ms)
				BeforeProcessingInitializeOnLoad (66ms)
				ProcessInitializeOnLoadAttributes (183ms)
				ProcessInitializeOnLoadMethodAttributes (74ms)
				AfterProcessingInitializeOnLoad (1ms)
				EditorAssembliesLoaded (0ms)
			ExecutionOrderSort2 (0ms)
			AwakeInstancesAfterBackupRestoration (2ms)
Platform modules already initialized, skipping
========================================================================
Worker process is ready to serve import requests
Launching external process: /Applications/Unity/Hub/Editor/2021.3.11f1/Unity.app/Contents/Tools/UnityShaderCompiler
Launched and connected shader compiler UnityShaderCompiler after 0.05 seconds
Refreshing native plugins compatible for Editor in 0.86 ms, found 3 plugins.
Preloading 0 native plugins for Editor in 0.00 ms.
Unloading 4426 Unused Serialized files (Serialized files now loaded: 0)
Unloading 70 unused Assets / (143.5 KB). Loaded Objects now: 4871.
Memory consumption went from 119.8 MB to 119.7 MB.
Total: 2.406042 ms (FindLiveObjects: 0.124042 ms CreateObjectMapping: 0.054791 ms MarkObjects: 2.094500 ms  DeleteObjects: 0.131666 ms)

Unloading 0 Unused Serialized files (Serialized files now loaded: 0)
Unloading 0 unused Assets / (29.6 KB). Loaded Objects now: 4871.
Memory consumption went from 119.7 MB to 119.6 MB.
Total: 2.335292 ms (FindLiveObjects: 0.115042 ms CreateObjectMapping: 0.054500 ms MarkObjects: 2.150833 ms  DeleteObjects: 0.014250 ms)

AssetImportParameters requested are different than current active one (requested -> active):
  custom:video-decoder-ogg-theora: a1e56fd34408186e4bbccfd4996cb3dc -> 
  custom:container-muxer-webm: aa71ff27fc2769a1b78a27578f13a17b -> 
  custom:container-demuxer-webm: 4f35f7cbe854078d1ac9338744f61a02 -> 
  custom:video-encoder-webm-vp8: eb34c28f22e8b96e1ab97ce403110664 -> 
  custom:framework-osx-AVFoundation: e770b220cccbd017edd2c1fefb359320 -> 
  custom:audio-encoder-webm-vorbis: bf7c407c2cedff20999df2af8eb42d56 -> 
  custom:container-demuxer-ogg: 62fdf1f143b41e24485cea50d1cbac27 -> 
  custom:video-decoder-webm-vp8: 9c59270c3fd7afecdb556c50c9e8de78 -> 
  custom:audio-decoder-ogg-vorbis: bf7c407c2cedff20999df2af8eb42d56 -> 
========================================================================
Received Import Request.
  Time since last request: 10929.258295 seconds.
  path: Assets/Models/stone text/Individual Letters/Stone-X.prefab
  artifactKey: Guid(c43364655748744e4865aa7be760cd47) Importer(815301076,1909f56bfc062723c751e8b465ee728b)
Start importing Assets/Models/stone text/Individual Letters/Stone-X.prefab using Guid(c43364655748744e4865aa7be760cd47) Importer(815301076,1909f56bfc062723c751e8b465ee728b)  -> (artifact id: '3a38427734fe31e8f989167df4b1a5e0') in 0.650529 seconds 
========================================================================
Received Prepare
Registering precompiled user dll's ...
Registered in 0.003408 seconds.
Begin MonoManager ReloadAssembly
Thread 0x2a3787000 may have been prematurely finalized
Symbol file LoadedFromMemory doesn't match image /Users/billw/Unity Projects/EscaPeaSF/EscaPeaSF_1/Library/PackageCache/com.unity.visualscripting@1.7.8/Editor/VisualScripting.Core/Dependencies/DotNetZip/Unity.VisualScripting.IonicZip.dll
Symbol file LoadedFromMemory doesn't match image /Users/billw/Unity Projects/EscaPeaSF/EscaPeaSF_1/Library/PackageCache/com.unity.visualscripting@1.7.8/Editor/VisualScripting.Core/Dependencies/YamlDotNet/Unity.VisualScripting.YamlDotNet.dll
Native extension for iOS target not found
Native extension for Android target not found
Native extension for OSXStandalone target not found
Native extension for WebGL target not found
Refreshing native plugins compatible for Editor in 1.00 ms, found 3 plugins.
Preloading 0 native plugins for Editor in 0.00 ms.
Fallback handler could not load library /Applications/Unity/Hub/Editor/2021.3.11f1/Unity.app/Contents/Frameworks/MonoBleedingEdge/lib/ardk_client_platform
Fallback handler could not load library /Applications/Unity/Hub/Editor/2021.3.11f1/Unity.app/Contents/Frameworks/MonoBleedingEdge/lib/libardk_client_platform.dylib
Fallback handler could not load library /Applications/Unity/Hub/Editor/2021.3.11f1/Unity.app/Contents/Frameworks/MonoBleedingEdge/lib/libardk_client_platform.dylib
Fallback handler could not load library /Applications/Unity/Hub/Editor/2021.3.11f1/Unity.app/Contents/Frameworks/MonoBleedingEdge/lib/libardk_client_platform.so
Fallback handler could not load library /Applications/Unity/Hub/Editor/2021.3.11f1/Unity.app/Contents/Frameworks/MonoBleedingEdge/lib/libardk_client_platform.bundle
Fallback handler could not load library /Applications/Unity/Hub/Editor/2021.3.11f1/Unity.app/Contents/Frameworks/MonoBleedingEdge/lib/ardk_client_platform
Fallback handler could not load library /Applications/Unity/Hub/Editor/2021.3.11f1/Unity.app/Contents/Frameworks/MonoBleedingEdge/lib/libardk_client_platform
Fallback handler could not load library /Applications/Unity/Hub/Editor/2021.3.11f1/Unity.app/Contents/Frameworks/MonoBleedingEdge/lib/libardk_client_platform.dylib
Fallback handler could not load library /Applications/Unity/Hub/Editor/2021.3.11f1/Unity.app/Contents/Frameworks/MonoBleedingEdge/lib/libardk_client_platform.dylib
Fallback handler could not load library /Applications/Unity/Hub/Editor/2021.3.11f1/Unity.app/Contents/Frameworks/MonoBleedingEdge/lib/libardk_client_platform.so
Fallback handler could not load library /Applications/Unity/Hub/Editor/2021.3.11f1/Unity.app/Contents/Frameworks/MonoBleedingEdge/lib/libardk_client_platform.bundle
Fallback handler could not load library /Applications/Unity/Hub/Editor/2021.3.11f1/Unity.app/Contents/Frameworks/MonoBleedingEdge/lib/libardk_client_platform
Fallback handler could not load library /Applications/Unity/Hub/Editor/2021.3.11f1/Unity.app/Contents/Frameworks/MonoBleedingEdge/lib/ardk_client_platform
Fallback handler could not load library /Applications/Unity/Hub/Editor/2021.3.11f1/Unity.app/Contents/Frameworks/MonoBleedingEdge/lib/libardk_client_platform.dylib
Fallback handler could not load library /Applications/Unity/Hub/Editor/2021.3.11f1/Unity.app/Contents/Frameworks/MonoBleedingEdge/lib/libardk_client_platform.dylib
Fallback handler could not load library /Applications/Unity/Hub/Editor/2021.3.11f1/Unity.app/Contents/Frameworks/MonoBleedingEdge/lib/libardk_client_platform.so
Fallback handler could not load library /Applications/Unity/Hub/Editor/2021.3.11f1/Unity.app/Contents/Frameworks/MonoBleedingEdge/lib/libardk_client_platform.bundle
Fallback handler could not load library /Applications/Unity/Hub/Editor/2021.3.11f1/Unity.app/Contents/Frameworks/MonoBleedingEdge/lib/ardk_client_platform
Fallback handler could not load library /Applications/Unity/Hub/Editor/2021.3.11f1/Unity.app/Contents/Frameworks/MonoBleedingEdge/lib/libardk_client_platform
Fallback handler could not load library /Applications/Unity/Hub/Editor/2021.3.11f1/Unity.app/Contents/Frameworks/MonoBleedingEdge/lib/libardk_client_platform.dylib
Fallback handler could not load library /Applications/Unity/Hub/Editor/2021.3.11f1/Unity.app/Contents/Frameworks/MonoBleedingEdge/lib/libardk_client_platform.dylib
Fallback handler could not load library /Applications/Unity/Hub/Editor/2021.3.11f1/Unity.app/Contents/Frameworks/MonoBleedingEdge/lib/libardk_client_platform.so
Fallback handler could not load library /Applications/Unity/Hub/Editor/2021.3.11f1/Unity.app/Contents/Frameworks/MonoBleedingEdge/lib/libardk_client_platform.bundle
Fallback handler could not load library /Applications/Unity/Hub/Editor/2021.3.11f1/Unity.app/Contents/Frameworks/MonoBleedingEdge/lib/libardk_client_platform
#Niantic.ARDK.Internals.StartupSystems#: Could not load an ArdkAuthConfig, please add one in a Resources/ARDK/ directory. For more information, visit the niantic.dev/docs/authentication.html site.
UnityEngine.StackTraceUtility:ExtractStackTrace () (at /Users/bokken/buildslave/unity/build/Runtime/Export/Scripting/StackTrace.cs:37)
UnityEngine.DebugLogHandler:LogFormat (UnityEngine.LogType,UnityEngine.Object,string,object[])
UnityEngine.Logger:Log (UnityEngine.LogType,object)
UnityEngine.Debug:LogError (object)
Niantic.ARDK.Utilities.Logging.UnityARLogHandler:Error (string) (at Assets/ARDK/Utilities/Logging/LogHandler/UnityARLogHandler.cs:41)
Niantic.ARDK.Utilities.Logging.ARLog:_Error (string) (at Assets/ARDK/Utilities/Logging/ARLog.cs:198)
Niantic.ARDK.Internals.StartupSystems:_SetAuthenticationParameters () (at Assets/ARDK/Internals/StartupSystems.cs:146)
Niantic.ARDK.Internals.StartupSystems:_SetCSharpInitializationMetadata () (at Assets/ARDK/Internals/StartupSystems.cs:111)
Niantic.ARDK.Internals.StartupSystems:EditorStartup () (at Assets/ARDK/Internals/StartupSystems.cs:59)
System.Reflection.RuntimeMethodInfo:Invoke (object,System.Reflection.BindingFlags,System.Reflection.Binder,object[],System.Globalization.CultureInfo)
System.Reflection.MethodBase:Invoke (object,object[])
UnityEditor.EditorAssemblies:ProcessInitializeOnLoadMethodAttributes () (at /Users/bokken/buildslave/unity/build/Editor/Mono/EditorAssemblies.cs:147)

(Filename: Assets/ARDK/Utilities/Logging/LogHandler/UnityARLogHandler.cs Line: 41)

#Niantic.ARDK.Internals.StartupSystems#: No API Key was found. Add it to an ArdkAuthConfig asset. For more information, visit the niantic.dev/docs/authentication.html site.
UnityEngine.StackTraceUtility:ExtractStackTrace () (at /Users/bokken/buildslave/unity/build/Runtime/Export/Scripting/StackTrace.cs:37)
UnityEngine.DebugLogHandler:LogFormat (UnityEngine.LogType,UnityEngine.Object,string,object[])
UnityEngine.Logger:Log (UnityEngine.LogType,object)
UnityEngine.Debug:LogError (object)
Niantic.ARDK.Utilities.Logging.UnityARLogHandler:Error (string) (at Assets/ARDK/Utilities/Logging/LogHandler/UnityARLogHandler.cs:41)
Niantic.ARDK.Utilities.Logging.ARLog:_Error (string) (at Assets/ARDK/Utilities/Logging/ARLog.cs:198)
Niantic.ARDK.Internals.StartupSystems:_SetAuthenticationParameters () (at Assets/ARDK/Internals/StartupSystems.cs:174)
Niantic.ARDK.Internals.StartupSystems:_SetCSharpInitializationMetadata () (at Assets/ARDK/Internals/StartupSystems.cs:111)
Niantic.ARDK.Internals.StartupSystems:EditorStartup () (at Assets/ARDK/Internals/StartupSystems.cs:59)
System.Reflection.RuntimeMethodInfo:Invoke (object,System.Reflection.BindingFlags,System.Reflection.Binder,object[],System.Globalization.CultureInfo)
System.Reflection.MethodBase:Invoke (object,object[])
UnityEditor.EditorAssemblies:ProcessInitializeOnLoadMethodAttributes () (at /Users/bokken/buildslave/unity/build/Editor/Mono/EditorAssemblies.cs:147)

(Filename: Assets/ARDK/Utilities/Logging/LogHandler/UnityARLogHandler.cs Line: 41)

Mono: successfully reloaded assembly
- Completed reload, in  0.750 seconds
Domain Reload Profiling:
	ReloadAssembly (751ms)
		BeginReloadAssembly (91ms)
			ExecutionOrderSort (0ms)
			DisableScriptedObjects (3ms)
			BackupInstance (0ms)
			ReleaseScriptingObjects (0ms)
			CreateAndSetChildDomain (43ms)
		EndReloadAssembly (594ms)
			LoadAssemblies (37ms)
			RebuildTransferFunctionScriptingTraits (0ms)
			SetupTypeCache (190ms)
			ReleaseScriptCaches (1ms)
			RebuildScriptCaches (32ms)
			SetupLoadedEditorAssemblies (295ms)
				LogAssemblyErrors (0ms)
				InitializePlatformSupportModulesInManaged (23ms)
				SetLoadedEditorAssemblies (0ms)
				RefreshPlugins (1ms)
				BeforeProcessingInitializeOnLoad (45ms)
				ProcessInitializeOnLoadAttributes (146ms)
				ProcessInitializeOnLoadMethodAttributes (77ms)
				AfterProcessingInitializeOnLoad (2ms)
				EditorAssembliesLoaded (0ms)
			ExecutionOrderSort2 (0ms)
			AwakeInstancesAfterBackupRestoration (3ms)
Platform modules already initialized, skipping
Refreshing native plugins compatible for Editor in 3.11 ms, found 3 plugins.
Preloading 0 native plugins for Editor in 0.00 ms.
Unloading 4389 Unused Serialized files (Serialized files now loaded: 0)
Unloading 63 unused Assets / (122.5 KB). Loaded Objects now: 4879.
Memory consumption went from 199.6 MB to 199.5 MB.
Total: 2.670958 ms (FindLiveObjects: 0.171625 ms CreateObjectMapping: 0.056500 ms MarkObjects: 2.321375 ms  DeleteObjects: 0.120375 ms)

Unloading 0 Unused Serialized files (Serialized files now loaded: 0)
Unloading 0 unused Assets / (30.6 KB). Loaded Objects now: 4879.
Memory consumption went from 199.5 MB to 199.4 MB.
Total: 2.579000 ms (FindLiveObjects: 0.145666 ms CreateObjectMapping: 0.056250 ms MarkObjects: 2.369917 ms  DeleteObjects: 0.006667 ms)

AssetImportParameters requested are different than current active one (requested -> active):
  custom:video-decoder-ogg-theora: a1e56fd34408186e4bbccfd4996cb3dc -> 
  custom:container-muxer-webm: aa71ff27fc2769a1b78a27578f13a17b -> 
  custom:container-demuxer-webm: 4f35f7cbe854078d1ac9338744f61a02 -> 
  custom:video-encoder-webm-vp8: eb34c28f22e8b96e1ab97ce403110664 -> 
  custom:framework-osx-AVFoundation: e770b220cccbd017edd2c1fefb359320 -> 
  custom:audio-encoder-webm-vorbis: bf7c407c2cedff20999df2af8eb42d56 -> 
  custom:container-demuxer-ogg: 62fdf1f143b41e24485cea50d1cbac27 -> 
  custom:video-decoder-webm-vp8: 9c59270c3fd7afecdb556c50c9e8de78 -> 
  custom:audio-decoder-ogg-vorbis: bf7c407c2cedff20999df2af8eb42d56 -> 
========================================================================
Received Prepare
Registering precompiled user dll's ...
Registered in 0.003545 seconds.
Begin MonoManager ReloadAssembly
Thread 0x17e8d3000 may have been prematurely finalized
Symbol file LoadedFromMemory doesn't match image /Users/billw/Unity Projects/EscaPeaSF/EscaPeaSF_1/Library/PackageCache/com.unity.visualscripting@1.7.8/Editor/VisualScripting.Core/Dependencies/DotNetZip/Unity.VisualScripting.IonicZip.dll
Symbol file LoadedFromMemory doesn't match image /Users/billw/Unity Projects/EscaPeaSF/EscaPeaSF_1/Library/PackageCache/com.unity.visualscripting@1.7.8/Editor/VisualScripting.Core/Dependencies/YamlDotNet/Unity.VisualScripting.YamlDotNet.dll
Native extension for iOS target not found
Native extension for Android target not found
Native extension for OSXStandalone target not found
Native extension for WebGL target not found
Refreshing native plugins compatible for Editor in 1.26 ms, found 3 plugins.
Preloading 0 native plugins for Editor in 0.00 ms.
Fallback handler could not load library /Applications/Unity/Hub/Editor/2021.3.11f1/Unity.app/Contents/Frameworks/MonoBleedingEdge/lib/ardk_client_platform
Fallback handler could not load library /Applications/Unity/Hub/Editor/2021.3.11f1/Unity.app/Contents/Frameworks/MonoBleedingEdge/lib/libardk_client_platform.dylib
Fallback handler could not load library /Applications/Unity/Hub/Editor/2021.3.11f1/Unity.app/Contents/Frameworks/MonoBleedingEdge/lib/libardk_client_platform.dylib
Fallback handler could not load library /Applications/Unity/Hub/Editor/2021.3.11f1/Unity.app/Contents/Frameworks/MonoBleedingEdge/lib/libardk_client_platform.so
Fallback handler could not load library /Applications/Unity/Hub/Editor/2021.3.11f1/Unity.app/Contents/Frameworks/MonoBleedingEdge/lib/libardk_client_platform.bundle
Fallback handler could not load library /Applications/Unity/Hub/Editor/2021.3.11f1/Unity.app/Contents/Frameworks/MonoBleedingEdge/lib/ardk_client_platform
Fallback handler could not load library /Applications/Unity/Hub/Editor/2021.3.11f1/Unity.app/Contents/Frameworks/MonoBleedingEdge/lib/libardk_client_platform
Fallback handler could not load library /Applications/Unity/Hub/Editor/2021.3.11f1/Unity.app/Contents/Frameworks/MonoBleedingEdge/lib/libardk_client_platform.dylib
Fallback handler could not load library /Applications/Unity/Hub/Editor/2021.3.11f1/Unity.app/Contents/Frameworks/MonoBleedingEdge/lib/libardk_client_platform.dylib
Fallback handler could not load library /Applications/Unity/Hub/Editor/2021.3.11f1/Unity.app/Contents/Frameworks/MonoBleedingEdge/lib/libardk_client_platform.so
Fallback handler could not load library /Applications/Unity/Hub/Editor/2021.3.11f1/Unity.app/Contents/Frameworks/MonoBleedingEdge/lib/libardk_client_platform.bundle
Fallback handler could not load library /Applications/Unity/Hub/Editor/2021.3.11f1/Unity.app/Contents/Frameworks/MonoBleedingEdge/lib/libardk_client_platform
Fallback handler could not load library /Applications/Unity/Hub/Editor/2021.3.11f1/Unity.app/Contents/Frameworks/MonoBleedingEdge/lib/ardk_client_platform
Fallback handler could not load library /Applications/Unity/Hub/Editor/2021.3.11f1/Unity.app/Contents/Frameworks/MonoBleedingEdge/lib/libardk_client_platform.dylib
Fallback handler could not load library /Applications/Unity/Hub/Editor/2021.3.11f1/Unity.app/Contents/Frameworks/MonoBleedingEdge/lib/libardk_client_platform.dylib
Fallback handler could not load library /Applications/Unity/Hub/Editor/2021.3.11f1/Unity.app/Contents/Frameworks/MonoBleedingEdge/lib/libardk_client_platform.so
Fallback handler could not load library /Applications/Unity/Hub/Editor/2021.3.11f1/Unity.app/Contents/Frameworks/MonoBleedingEdge/lib/libardk_client_platform.bundle
Fallback handler could not load library /Applications/Unity/Hub/Editor/2021.3.11f1/Unity.app/Contents/Frameworks/MonoBleedingEdge/lib/ardk_client_platform
Fallback handler could not load library /Applications/Unity/Hub/Editor/2021.3.11f1/Unity.app/Contents/Frameworks/MonoBleedingEdge/lib/libardk_client_platform
Fallback handler could not load library /Applications/Unity/Hub/Editor/2021.3.11f1/Unity.app/Contents/Frameworks/MonoBleedingEdge/lib/libardk_client_platform.dylib
Fallback handler could not load library /Applications/Unity/Hub/Editor/2021.3.11f1/Unity.app/Contents/Frameworks/MonoBleedingEdge/lib/libardk_client_platform.dylib
Fallback handler could not load library /Applications/Unity/Hub/Editor/2021.3.11f1/Unity.app/Contents/Frameworks/MonoBleedingEdge/lib/libardk_client_platform.so
Fallback handler could not load library /Applications/Unity/Hub/Editor/2021.3.11f1/Unity.app/Contents/Frameworks/MonoBleedingEdge/lib/libardk_client_platform.bundle
Fallback handler could not load library /Applications/Unity/Hub/Editor/2021.3.11f1/Unity.app/Contents/Frameworks/MonoBleedingEdge/lib/libardk_client_platform
#Niantic.ARDK.Internals.StartupSystems#: Could not load an ArdkAuthConfig, please add one in a Resources/ARDK/ directory. For more information, visit the niantic.dev/docs/authentication.html site.
UnityEngine.StackTraceUtility:ExtractStackTrace () (at /Users/bokken/buildslave/unity/build/Runtime/Export/Scripting/StackTrace.cs:37)
UnityEngine.DebugLogHandler:LogFormat (UnityEngine.LogType,UnityEngine.Object,string,object[])
UnityEngine.Logger:Log (UnityEngine.LogType,object)
UnityEngine.Debug:LogError (object)
Niantic.ARDK.Utilities.Logging.UnityARLogHandler:Error (string) (at Assets/ARDK/Utilities/Logging/LogHandler/UnityARLogHandler.cs:41)
Niantic.ARDK.Utilities.Logging.ARLog:_Error (string) (at Assets/ARDK/Utilities/Logging/ARLog.cs:198)
Niantic.ARDK.Internals.StartupSystems:_SetAuthenticationParameters () (at Assets/ARDK/Internals/StartupSystems.cs:146)
Niantic.ARDK.Internals.StartupSystems:_SetCSharpInitializationMetadata () (at Assets/ARDK/Internals/StartupSystems.cs:111)
Niantic.ARDK.Internals.StartupSystems:EditorStartup () (at Assets/ARDK/Internals/StartupSystems.cs:59)
System.Reflection.RuntimeMethodInfo:Invoke (object,System.Reflection.BindingFlags,System.Reflection.Binder,object[],System.Globalization.CultureInfo)
System.Reflection.MethodBase:Invoke (object,object[])
UnityEditor.EditorAssemblies:ProcessInitializeOnLoadMethodAttributes () (at /Users/bokken/buildslave/unity/build/Editor/Mono/EditorAssemblies.cs:147)

(Filename: Assets/ARDK/Utilities/Logging/LogHandler/UnityARLogHandler.cs Line: 41)

#Niantic.ARDK.Internals.StartupSystems#: No API Key was found. Add it to an ArdkAuthConfig asset. For more information, visit the niantic.dev/docs/authentication.html site.
UnityEngine.StackTraceUtility:ExtractStackTrace () (at /Users/bokken/buildslave/unity/build/Runtime/Export/Scripting/StackTrace.cs:37)
UnityEngine.DebugLogHandler:LogFormat (UnityEngine.LogType,UnityEngine.Object,string,object[])
UnityEngine.Logger:Log (UnityEngine.LogType,object)
UnityEngine.Debug:LogError (object)
Niantic.ARDK.Utilities.Logging.UnityARLogHandler:Error (string) (at Assets/ARDK/Utilities/Logging/LogHandler/UnityARLogHandler.cs:41)
Niantic.ARDK.Utilities.Logging.ARLog:_Error (string) (at Assets/ARDK/Utilities/Logging/ARLog.cs:198)
Niantic.ARDK.Internals.StartupSystems:_SetAuthenticationParameters () (at Assets/ARDK/Internals/StartupSystems.cs:174)
Niantic.ARDK.Internals.StartupSystems:_SetCSharpInitializationMetadata () (at Assets/ARDK/Internals/StartupSystems.cs:111)
Niantic.ARDK.Internals.StartupSystems:EditorStartup () (at Assets/ARDK/Internals/StartupSystems.cs:59)
System.Reflection.RuntimeMethodInfo:Invoke (object,System.Reflection.BindingFlags,System.Reflection.Binder,object[],System.Globalization.CultureInfo)
System.Reflection.MethodBase:Invoke (object,object[])
UnityEditor.EditorAssemblies:ProcessInitializeOnLoadMethodAttributes () (at /Users/bokken/buildslave/unity/build/Editor/Mono/EditorAssemblies.cs:147)

(Filename: Assets/ARDK/Utilities/Logging/LogHandler/UnityARLogHandler.cs Line: 41)

Mono: successfully reloaded assembly
- Completed reload, in  0.755 seconds
Domain Reload Profiling:
	ReloadAssembly (755ms)
		BeginReloadAssembly (99ms)
			ExecutionOrderSort (0ms)
			DisableScriptedObjects (4ms)
			BackupInstance (0ms)
			ReleaseScriptingObjects (0ms)
			CreateAndSetChildDomain (54ms)
		EndReloadAssembly (589ms)
			LoadAssemblies (35ms)
			RebuildTransferFunctionScriptingTraits (0ms)
			SetupTypeCache (196ms)
			ReleaseScriptCaches (1ms)
			RebuildScriptCaches (36ms)
			SetupLoadedEditorAssemblies (281ms)
				LogAssemblyErrors (0ms)
				InitializePlatformSupportModulesInManaged (20ms)
				SetLoadedEditorAssemblies (0ms)
				RefreshPlugins (1ms)
				BeforeProcessingInitializeOnLoad (49ms)
				ProcessInitializeOnLoadAttributes (139ms)
				ProcessInitializeOnLoadMethodAttributes (71ms)
				AfterProcessingInitializeOnLoad (1ms)
				EditorAssembliesLoaded (0ms)
			ExecutionOrderSort2 (0ms)
			AwakeInstancesAfterBackupRestoration (2ms)
Platform modules already initialized, skipping
Refreshing native plugins compatible for Editor in 2.54 ms, found 3 plugins.
Preloading 0 native plugins for Editor in 0.00 ms.
Unloading 4389 Unused Serialized files (Serialized files now loaded: 0)
Unloading 63 unused Assets / (122.6 KB). Loaded Objects now: 4879.
Memory consumption went from 205.1 MB to 205.0 MB.
Total: 3.672041 ms (FindLiveObjects: 0.174583 ms CreateObjectMapping: 0.062500 ms MarkObjects: 3.328417 ms  DeleteObjects: 0.105291 ms)

Unloading 0 Unused Serialized files (Serialized files now loaded: 0)
Unloading 0 unused Assets / (30.5 KB). Loaded Objects now: 4879.
Memory consumption went from 205.0 MB to 204.9 MB.
Total: 2.586333 ms (FindLiveObjects: 0.177958 ms CreateObjectMapping: 0.055292 ms MarkObjects: 2.345917 ms  DeleteObjects: 0.006875 ms)

AssetImportParameters requested are different than current active one (requested -> active):
  custom:video-decoder-ogg-theora: a1e56fd34408186e4bbccfd4996cb3dc -> 
  custom:container-muxer-webm: aa71ff27fc2769a1b78a27578f13a17b -> 
  custom:container-demuxer-webm: 4f35f7cbe854078d1ac9338744f61a02 -> 
  custom:video-encoder-webm-vp8: eb34c28f22e8b96e1ab97ce403110664 -> 
  custom:framework-osx-AVFoundation: e770b220cccbd017edd2c1fefb359320 -> 
  custom:audio-encoder-webm-vorbis: bf7c407c2cedff20999df2af8eb42d56 -> 
  custom:container-demuxer-ogg: 62fdf1f143b41e24485cea50d1cbac27 -> 
  custom:video-decoder-webm-vp8: 9c59270c3fd7afecdb556c50c9e8de78 -> 
  custom:audio-decoder-ogg-vorbis: bf7c407c2cedff20999df2af8eb42d56 -> 
