Unity Editor version:    2021.3.11f1 (0a5ca18544bf)
Branch:                  2021.3/staging
Build type:              Release
Batch mode:              YES
macOS version:           Version 13.0.1 (Build 22A400)
Darwin version:          22.1.0
Architecture:            arm64
Running under Rosetta:   NO
Available memory:        16384 MB
Using pre-set license
Pro License: YES

COMMAND LINE ARGUMENTS:
/Applications/Unity/Hub/Editor/2021.3.11f1/Unity.app/Contents/MacOS/Unity
-adb2
-batchMode
-noUpm
-name
AssetImportWorker1
-projectPath
/Users/billw/Unity Projects/EscaPeaSF/EscaPeaSF_1
-logFile
Logs/AssetImportWorker1.log
-srvPort
52674
Successfully changed project path to: /Users/billw/Unity Projects/EscaPeaSF/EscaPeaSF_1
/Users/billw/Unity Projects/EscaPeaSF/EscaPeaSF_1
[UnityMemory] Configuration Parameters - Can be set up in boot.config
    "memorysetup-bucket-allocator-granularity=16"
    "memorysetup-bucket-allocator-bucket-count=8"
    "memorysetup-bucket-allocator-block-size=33554432"
    "memorysetup-bucket-allocator-block-count=8"
    "memorysetup-main-allocator-block-size=16777216"
    "memorysetup-thread-allocator-block-size=16777216"
    "memorysetup-gfx-main-allocator-block-size=16777216"
    "memorysetup-gfx-thread-allocator-block-size=16777216"
    "memorysetup-cache-allocator-block-size=4194304"
    "memorysetup-typetree-allocator-block-size=2097152"
    "memorysetup-profiler-bucket-allocator-granularity=16"
    "memorysetup-profiler-bucket-allocator-bucket-count=8"
    "memorysetup-profiler-bucket-allocator-block-size=33554432"
    "memorysetup-profiler-bucket-allocator-block-count=8"
    "memorysetup-profiler-allocator-block-size=16777216"
    "memorysetup-profiler-editor-allocator-block-size=1048576"
    "memorysetup-temp-allocator-size-main=16777216"
    "memorysetup-job-temp-allocator-block-size=2097152"
    "memorysetup-job-temp-allocator-block-size-background=1048576"
    "memorysetup-job-temp-allocator-reduction-small-platforms=262144"
    "memorysetup-temp-allocator-size-background-worker=32768"
    "memorysetup-temp-allocator-size-job-worker=262144"
    "memorysetup-temp-allocator-size-preload-manager=33554432"
    "memorysetup-temp-allocator-size-nav-mesh-worker=65536"
    "memorysetup-temp-allocator-size-audio-worker=65536"
    "memorysetup-temp-allocator-size-cloud-worker=32768"
    "memorysetup-temp-allocator-size-gi-baking-worker=262144"
    "memorysetup-temp-allocator-size-gfx=262144"
Refreshing native plugins compatible for Editor in 97.09 ms, found 3 plugins.
Preloading 0 native plugins for Editor in 0.00 ms.
Initialize engine version: 2021.3.11f1 (0a5ca18544bf)
[Subsystems] Discovering subsystems at path /Applications/Unity/Hub/Editor/2021.3.11f1/Unity.app/Contents/Resources/UnitySubsystems
[Subsystems] Discovering subsystems at path /Users/billw/Unity Projects/EscaPeaSF/EscaPeaSF_1/Assets
GfxDevice: creating device client; threaded=0; jobified=0
 preferred device: Apple M1 Pro (high power)
Metal devices available: 1
0: Apple M1 Pro (high power)
Using device Apple M1 Pro (high power)
Initializing Metal device caps: Apple M1 Pro
Initialize mono
Mono path[0] = '/Applications/Unity/Hub/Editor/2021.3.11f1/Unity.app/Contents/Managed'
Mono path[1] = '/Applications/Unity/Hub/Editor/2021.3.11f1/Unity.app/Contents/MonoBleedingEdge/lib/mono/unityjit-macos'
Mono config path = '/Applications/Unity/Hub/Editor/2021.3.11f1/Unity.app/Contents/MonoBleedingEdge/etc'
Using monoOptions --debugger-agent=transport=dt_socket,embedding=1,server=y,suspend=n,address=127.0.0.1:56294
Begin MonoManager ReloadAssembly
Registering precompiled unity dll's ...
Register platform support module: /Applications/Unity/Hub/Editor/2021.3.11f1/PlaybackEngines/WebGLSupport/UnityEditor.WebGL.Extensions.dll
Register platform support module: /Applications/Unity/Hub/Editor/2021.3.11f1/Unity.app/Contents/PlaybackEngines/MacStandaloneSupport/UnityEditor.OSXStandalone.Extensions.dll
Register platform support module: /Applications/Unity/Hub/Editor/2021.3.11f1/PlaybackEngines/AndroidPlayer/UnityEditor.Android.Extensions.dll
Register platform support module: /Applications/Unity/Hub/Editor/2021.3.11f1/PlaybackEngines/iOSSupport/UnityEditor.iOS.Extensions.dll
Registered in 0.002385 seconds.
[usbmuxd] Start listen thread
[usbmuxd] Listen thread started
[usbmuxd] Send listen message
Native extension for iOS target not found
Native extension for Android target not found
Native extension for OSXStandalone target not found
Native extension for WebGL target not found
Refreshing native plugins compatible for Editor in 107.42 ms, found 3 plugins.
Preloading 0 native plugins for Editor in 0.00 ms.
Mono: successfully reloaded assembly
- Completed reload, in  0.553 seconds
Domain Reload Profiling:
	ReloadAssembly (553ms)
		BeginReloadAssembly (29ms)
			ExecutionOrderSort (0ms)
			DisableScriptedObjects (0ms)
			BackupInstance (0ms)
			ReleaseScriptingObjects (0ms)
			CreateAndSetChildDomain (0ms)
		EndReloadAssembly (449ms)
			LoadAssemblies (29ms)
			RebuildTransferFunctionScriptingTraits (0ms)
			SetupTypeCache (90ms)
			ReleaseScriptCaches (0ms)
			RebuildScriptCaches (31ms)
			SetupLoadedEditorAssemblies (292ms)
				LogAssemblyErrors (0ms)
				InitializePlatformSupportModulesInManaged (95ms)
				SetLoadedEditorAssemblies (0ms)
				RefreshPlugins (107ms)
				BeforeProcessingInitializeOnLoad (1ms)
				ProcessInitializeOnLoadAttributes (57ms)
				ProcessInitializeOnLoadMethodAttributes (31ms)
				AfterProcessingInitializeOnLoad (0ms)
				EditorAssembliesLoaded (0ms)
			ExecutionOrderSort2 (0ms)
			AwakeInstancesAfterBackupRestoration (0ms)
Platform modules already initialized, skipping
Registering precompiled user dll's ...
Registered in 0.003142 seconds.
Begin MonoManager ReloadAssembly
Symbol file LoadedFromMemory doesn't match image /Users/billw/Unity Projects/EscaPeaSF/EscaPeaSF_1/Library/PackageCache/com.unity.visualscripting@1.7.8/Editor/VisualScripting.Core/Dependencies/DotNetZip/Unity.VisualScripting.IonicZip.dll
Symbol file LoadedFromMemory doesn't match image /Users/billw/Unity Projects/EscaPeaSF/EscaPeaSF_1/Library/PackageCache/com.unity.visualscripting@1.7.8/Editor/VisualScripting.Core/Dependencies/YamlDotNet/Unity.VisualScripting.YamlDotNet.dll
Native extension for iOS target not found
Native extension for Android target not found
Native extension for OSXStandalone target not found
Native extension for WebGL target not found
Refreshing native plugins compatible for Editor in 0.93 ms, found 3 plugins.
Preloading 0 native plugins for Editor in 0.00 ms.
Fallback handler could not load library /Applications/Unity/Hub/Editor/2021.3.11f1/Unity.app/Contents/Frameworks/MonoBleedingEdge/lib/ardk_client_platform
Fallback handler could not load library /Applications/Unity/Hub/Editor/2021.3.11f1/Unity.app/Contents/Frameworks/MonoBleedingEdge/lib/libardk_client_platform.dylib
Fallback handler could not load library /Applications/Unity/Hub/Editor/2021.3.11f1/Unity.app/Contents/Frameworks/MonoBleedingEdge/lib/libardk_client_platform.dylib
Fallback handler could not load library /Applications/Unity/Hub/Editor/2021.3.11f1/Unity.app/Contents/Frameworks/MonoBleedingEdge/lib/libardk_client_platform.so
Fallback handler could not load library /Applications/Unity/Hub/Editor/2021.3.11f1/Unity.app/Contents/Frameworks/MonoBleedingEdge/lib/libardk_client_platform.bundle
Fallback handler could not load library /Applications/Unity/Hub/Editor/2021.3.11f1/Unity.app/Contents/Frameworks/MonoBleedingEdge/lib/ardk_client_platform
Fallback handler could not load library /Applications/Unity/Hub/Editor/2021.3.11f1/Unity.app/Contents/Frameworks/MonoBleedingEdge/lib/libardk_client_platform
Fallback handler could not load library /Applications/Unity/Hub/Editor/2021.3.11f1/Unity.app/Contents/Frameworks/MonoBleedingEdge/lib/libardk_client_platform.dylib
Fallback handler could not load library /Applications/Unity/Hub/Editor/2021.3.11f1/Unity.app/Contents/Frameworks/MonoBleedingEdge/lib/libardk_client_platform.dylib
Fallback handler could not load library /Applications/Unity/Hub/Editor/2021.3.11f1/Unity.app/Contents/Frameworks/MonoBleedingEdge/lib/libardk_client_platform.so
Fallback handler could not load library /Applications/Unity/Hub/Editor/2021.3.11f1/Unity.app/Contents/Frameworks/MonoBleedingEdge/lib/libardk_client_platform.bundle
Fallback handler could not load library /Applications/Unity/Hub/Editor/2021.3.11f1/Unity.app/Contents/Frameworks/MonoBleedingEdge/lib/libardk_client_platform
Fallback handler could not load library /Applications/Unity/Hub/Editor/2021.3.11f1/Unity.app/Contents/Frameworks/MonoBleedingEdge/lib/ardk_client_platform
Fallback handler could not load library /Applications/Unity/Hub/Editor/2021.3.11f1/Unity.app/Contents/Frameworks/MonoBleedingEdge/lib/libardk_client_platform.dylib
Fallback handler could not load library /Applications/Unity/Hub/Editor/2021.3.11f1/Unity.app/Contents/Frameworks/MonoBleedingEdge/lib/libardk_client_platform.dylib
Fallback handler could not load library /Applications/Unity/Hub/Editor/2021.3.11f1/Unity.app/Contents/Frameworks/MonoBleedingEdge/lib/libardk_client_platform.so
Fallback handler could not load library /Applications/Unity/Hub/Editor/2021.3.11f1/Unity.app/Contents/Frameworks/MonoBleedingEdge/lib/libardk_client_platform.bundle
Fallback handler could not load library /Applications/Unity/Hub/Editor/2021.3.11f1/Unity.app/Contents/Frameworks/MonoBleedingEdge/lib/ardk_client_platform
Fallback handler could not load library /Applications/Unity/Hub/Editor/2021.3.11f1/Unity.app/Contents/Frameworks/MonoBleedingEdge/lib/libardk_client_platform
Fallback handler could not load library /Applications/Unity/Hub/Editor/2021.3.11f1/Unity.app/Contents/Frameworks/MonoBleedingEdge/lib/libardk_client_platform.dylib
Fallback handler could not load library /Applications/Unity/Hub/Editor/2021.3.11f1/Unity.app/Contents/Frameworks/MonoBleedingEdge/lib/libardk_client_platform.dylib
Fallback handler could not load library /Applications/Unity/Hub/Editor/2021.3.11f1/Unity.app/Contents/Frameworks/MonoBleedingEdge/lib/libardk_client_platform.so
Fallback handler could not load library /Applications/Unity/Hub/Editor/2021.3.11f1/Unity.app/Contents/Frameworks/MonoBleedingEdge/lib/libardk_client_platform.bundle
Fallback handler could not load library /Applications/Unity/Hub/Editor/2021.3.11f1/Unity.app/Contents/Frameworks/MonoBleedingEdge/lib/libardk_client_platform
Mono: successfully reloaded assembly
Package Manager log level set to [2]
- Completed reload, in  0.946 seconds
Domain Reload Profiling:
	ReloadAssembly (947ms)
		BeginReloadAssembly (169ms)
			ExecutionOrderSort (0ms)
			DisableScriptedObjects (6ms)
			BackupInstance (0ms)
			ReleaseScriptingObjects (0ms)
			CreateAndSetChildDomain (122ms)
		EndReloadAssembly (701ms)
			LoadAssemblies (64ms)
			RebuildTransferFunctionScriptingTraits (0ms)
			SetupTypeCache (189ms)
			ReleaseScriptCaches (4ms)
			RebuildScriptCaches (46ms)
			SetupLoadedEditorAssemblies (363ms)
				LogAssemblyErrors (0ms)
				InitializePlatformSupportModulesInManaged (19ms)
				SetLoadedEditorAssemblies (1ms)
				RefreshPlugins (1ms)
				BeforeProcessingInitializeOnLoad (77ms)
				ProcessInitializeOnLoadAttributes (185ms)
				ProcessInitializeOnLoadMethodAttributes (79ms)
				AfterProcessingInitializeOnLoad (1ms)
				EditorAssembliesLoaded (0ms)
			ExecutionOrderSort2 (0ms)
			AwakeInstancesAfterBackupRestoration (2ms)
Platform modules already initialized, skipping
========================================================================
Worker process is ready to serve import requests
Launching external process: /Applications/Unity/Hub/Editor/2021.3.11f1/Unity.app/Contents/Tools/UnityShaderCompiler
Launched and connected shader compiler UnityShaderCompiler after 0.07 seconds
Refreshing native plugins compatible for Editor in 1.88 ms, found 3 plugins.
Preloading 0 native plugins for Editor in 0.00 ms.
Unloading 4377 Unused Serialized files (Serialized files now loaded: 0)
Unloading 70 unused Assets / (142.2 KB). Loaded Objects now: 4816.
Memory consumption went from 120.3 MB to 120.2 MB.
Total: 2.855958 ms (FindLiveObjects: 0.161917 ms CreateObjectMapping: 0.071709 ms MarkObjects: 2.469917 ms  DeleteObjects: 0.151375 ms)

Unloading 0 Unused Serialized files (Serialized files now loaded: 0)
Unloading 0 unused Assets / (30.2 KB). Loaded Objects now: 4816.
Memory consumption went from 120.2 MB to 120.1 MB.
Total: 2.269084 ms (FindLiveObjects: 0.124458 ms CreateObjectMapping: 0.063125 ms MarkObjects: 2.073958 ms  DeleteObjects: 0.007125 ms)

AssetImportParameters requested are different than current active one (requested -> active):
  custom:video-decoder-ogg-theora: a1e56fd34408186e4bbccfd4996cb3dc -> 
  custom:container-muxer-webm: aa71ff27fc2769a1b78a27578f13a17b -> 
  custom:container-demuxer-webm: 4f35f7cbe854078d1ac9338744f61a02 -> 
  custom:video-encoder-webm-vp8: eb34c28f22e8b96e1ab97ce403110664 -> 
  custom:framework-osx-AVFoundation: e770b220cccbd017edd2c1fefb359320 -> 
  custom:audio-encoder-webm-vorbis: bf7c407c2cedff20999df2af8eb42d56 -> 
  custom:container-demuxer-ogg: 62fdf1f143b41e24485cea50d1cbac27 -> 
  custom:video-decoder-webm-vp8: 9c59270c3fd7afecdb556c50c9e8de78 -> 
  custom:audio-decoder-ogg-vorbis: bf7c407c2cedff20999df2af8eb42d56 -> 
========================================================================
Received Import Request.
  Time since last request: 55023.432027 seconds.
  path: Assets/ARDKExamples/RemoteAuthoring/Scripts/UIFunctions.cs
  artifactKey: Guid(3fb8e42853f99492aad1df1b0adfb882) Importer(815301076,1909f56bfc062723c751e8b465ee728b)
Start importing Assets/ARDKExamples/RemoteAuthoring/Scripts/UIFunctions.cs using Guid(3fb8e42853f99492aad1df1b0adfb882) Importer(815301076,1909f56bfc062723c751e8b465ee728b)  -> (artifact id: '82e89f927c2a8dc1dd7c5042782be130') in 0.077246 seconds 
========================================================================
Received Prepare
Registering precompiled user dll's ...
Registered in 0.002401 seconds.
Begin MonoManager ReloadAssembly
Thread 0x29b487000 may have been prematurely finalized
Symbol file LoadedFromMemory doesn't match image /Users/billw/Unity Projects/EscaPeaSF/EscaPeaSF_1/Library/PackageCache/com.unity.visualscripting@1.7.8/Editor/VisualScripting.Core/Dependencies/DotNetZip/Unity.VisualScripting.IonicZip.dll
Symbol file LoadedFromMemory doesn't match image /Users/billw/Unity Projects/EscaPeaSF/EscaPeaSF_1/Library/PackageCache/com.unity.visualscripting@1.7.8/Editor/VisualScripting.Core/Dependencies/YamlDotNet/Unity.VisualScripting.YamlDotNet.dll
Native extension for iOS target not found
Native extension for Android target not found
Native extension for OSXStandalone target not found
Native extension for WebGL target not found
Refreshing native plugins compatible for Editor in 0.88 ms, found 3 plugins.
Preloading 0 native plugins for Editor in 0.00 ms.
Fallback handler could not load library /Applications/Unity/Hub/Editor/2021.3.11f1/Unity.app/Contents/Frameworks/MonoBleedingEdge/lib/ardk_client_platform
Fallback handler could not load library /Applications/Unity/Hub/Editor/2021.3.11f1/Unity.app/Contents/Frameworks/MonoBleedingEdge/lib/libardk_client_platform.dylib
Fallback handler could not load library /Applications/Unity/Hub/Editor/2021.3.11f1/Unity.app/Contents/Frameworks/MonoBleedingEdge/lib/libardk_client_platform.dylib
Fallback handler could not load library /Applications/Unity/Hub/Editor/2021.3.11f1/Unity.app/Contents/Frameworks/MonoBleedingEdge/lib/libardk_client_platform.so
Fallback handler could not load library /Applications/Unity/Hub/Editor/2021.3.11f1/Unity.app/Contents/Frameworks/MonoBleedingEdge/lib/libardk_client_platform.bundle
Fallback handler could not load library /Applications/Unity/Hub/Editor/2021.3.11f1/Unity.app/Contents/Frameworks/MonoBleedingEdge/lib/ardk_client_platform
Fallback handler could not load library /Applications/Unity/Hub/Editor/2021.3.11f1/Unity.app/Contents/Frameworks/MonoBleedingEdge/lib/libardk_client_platform
Fallback handler could not load library /Applications/Unity/Hub/Editor/2021.3.11f1/Unity.app/Contents/Frameworks/MonoBleedingEdge/lib/libardk_client_platform.dylib
Fallback handler could not load library /Applications/Unity/Hub/Editor/2021.3.11f1/Unity.app/Contents/Frameworks/MonoBleedingEdge/lib/libardk_client_platform.dylib
Fallback handler could not load library /Applications/Unity/Hub/Editor/2021.3.11f1/Unity.app/Contents/Frameworks/MonoBleedingEdge/lib/libardk_client_platform.so
Fallback handler could not load library /Applications/Unity/Hub/Editor/2021.3.11f1/Unity.app/Contents/Frameworks/MonoBleedingEdge/lib/libardk_client_platform.bundle
Fallback handler could not load library /Applications/Unity/Hub/Editor/2021.3.11f1/Unity.app/Contents/Frameworks/MonoBleedingEdge/lib/libardk_client_platform
Fallback handler could not load library /Applications/Unity/Hub/Editor/2021.3.11f1/Unity.app/Contents/Frameworks/MonoBleedingEdge/lib/ardk_client_platform
Fallback handler could not load library /Applications/Unity/Hub/Editor/2021.3.11f1/Unity.app/Contents/Frameworks/MonoBleedingEdge/lib/libardk_client_platform.dylib
Fallback handler could not load library /Applications/Unity/Hub/Editor/2021.3.11f1/Unity.app/Contents/Frameworks/MonoBleedingEdge/lib/libardk_client_platform.dylib
Fallback handler could not load library /Applications/Unity/Hub/Editor/2021.3.11f1/Unity.app/Contents/Frameworks/MonoBleedingEdge/lib/libardk_client_platform.so
Fallback handler could not load library /Applications/Unity/Hub/Editor/2021.3.11f1/Unity.app/Contents/Frameworks/MonoBleedingEdge/lib/libardk_client_platform.bundle
Fallback handler could not load library /Applications/Unity/Hub/Editor/2021.3.11f1/Unity.app/Contents/Frameworks/MonoBleedingEdge/lib/ardk_client_platform
Fallback handler could not load library /Applications/Unity/Hub/Editor/2021.3.11f1/Unity.app/Contents/Frameworks/MonoBleedingEdge/lib/libardk_client_platform
Fallback handler could not load library /Applications/Unity/Hub/Editor/2021.3.11f1/Unity.app/Contents/Frameworks/MonoBleedingEdge/lib/libardk_client_platform.dylib
Fallback handler could not load library /Applications/Unity/Hub/Editor/2021.3.11f1/Unity.app/Contents/Frameworks/MonoBleedingEdge/lib/libardk_client_platform.dylib
Fallback handler could not load library /Applications/Unity/Hub/Editor/2021.3.11f1/Unity.app/Contents/Frameworks/MonoBleedingEdge/lib/libardk_client_platform.so
Fallback handler could not load library /Applications/Unity/Hub/Editor/2021.3.11f1/Unity.app/Contents/Frameworks/MonoBleedingEdge/lib/libardk_client_platform.bundle
Fallback handler could not load library /Applications/Unity/Hub/Editor/2021.3.11f1/Unity.app/Contents/Frameworks/MonoBleedingEdge/lib/libardk_client_platform
#Niantic.ARDK.Internals.StartupSystems#: Could not load an ArdkAuthConfig, please add one in a Resources/ARDK/ directory. For more information, visit the niantic.dev/docs/authentication.html site.
UnityEngine.StackTraceUtility:ExtractStackTrace () (at /Users/bokken/buildslave/unity/build/Runtime/Export/Scripting/StackTrace.cs:37)
UnityEngine.DebugLogHandler:LogFormat (UnityEngine.LogType,UnityEngine.Object,string,object[])
UnityEngine.Logger:Log (UnityEngine.LogType,object)
UnityEngine.Debug:LogError (object)
Niantic.ARDK.Utilities.Logging.UnityARLogHandler:Error (string) (at Assets/ARDK/Utilities/Logging/LogHandler/UnityARLogHandler.cs:41)
Niantic.ARDK.Utilities.Logging.ARLog:_Error (string) (at Assets/ARDK/Utilities/Logging/ARLog.cs:198)
Niantic.ARDK.Internals.StartupSystems:_SetAuthenticationParameters () (at Assets/ARDK/Internals/StartupSystems.cs:146)
Niantic.ARDK.Internals.StartupSystems:_SetCSharpInitializationMetadata () (at Assets/ARDK/Internals/StartupSystems.cs:111)
Niantic.ARDK.Internals.StartupSystems:EditorStartup () (at Assets/ARDK/Internals/StartupSystems.cs:59)
System.Reflection.RuntimeMethodInfo:Invoke (object,System.Reflection.BindingFlags,System.Reflection.Binder,object[],System.Globalization.CultureInfo)
System.Reflection.MethodBase:Invoke (object,object[])
UnityEditor.EditorAssemblies:ProcessInitializeOnLoadMethodAttributes () (at /Users/bokken/buildslave/unity/build/Editor/Mono/EditorAssemblies.cs:147)

(Filename: Assets/ARDK/Utilities/Logging/LogHandler/UnityARLogHandler.cs Line: 41)

#Niantic.ARDK.Internals.StartupSystems#: No API Key was found. Add it to an ArdkAuthConfig asset. For more information, visit the niantic.dev/docs/authentication.html site.
UnityEngine.StackTraceUtility:ExtractStackTrace () (at /Users/bokken/buildslave/unity/build/Runtime/Export/Scripting/StackTrace.cs:37)
UnityEngine.DebugLogHandler:LogFormat (UnityEngine.LogType,UnityEngine.Object,string,object[])
UnityEngine.Logger:Log (UnityEngine.LogType,object)
UnityEngine.Debug:LogError (object)
Niantic.ARDK.Utilities.Logging.UnityARLogHandler:Error (string) (at Assets/ARDK/Utilities/Logging/LogHandler/UnityARLogHandler.cs:41)
Niantic.ARDK.Utilities.Logging.ARLog:_Error (string) (at Assets/ARDK/Utilities/Logging/ARLog.cs:198)
Niantic.ARDK.Internals.StartupSystems:_SetAuthenticationParameters () (at Assets/ARDK/Internals/StartupSystems.cs:174)
Niantic.ARDK.Internals.StartupSystems:_SetCSharpInitializationMetadata () (at Assets/ARDK/Internals/StartupSystems.cs:111)
Niantic.ARDK.Internals.StartupSystems:EditorStartup () (at Assets/ARDK/Internals/StartupSystems.cs:59)
System.Reflection.RuntimeMethodInfo:Invoke (object,System.Reflection.BindingFlags,System.Reflection.Binder,object[],System.Globalization.CultureInfo)
System.Reflection.MethodBase:Invoke (object,object[])
UnityEditor.EditorAssemblies:ProcessInitializeOnLoadMethodAttributes () (at /Users/bokken/buildslave/unity/build/Editor/Mono/EditorAssemblies.cs:147)

(Filename: Assets/ARDK/Utilities/Logging/LogHandler/UnityARLogHandler.cs Line: 41)

Mono: successfully reloaded assembly
- Completed reload, in  0.659 seconds
Domain Reload Profiling:
	ReloadAssembly (660ms)
		BeginReloadAssembly (84ms)
			ExecutionOrderSort (0ms)
			DisableScriptedObjects (3ms)
			BackupInstance (0ms)
			ReleaseScriptingObjects (0ms)
			CreateAndSetChildDomain (38ms)
		EndReloadAssembly (515ms)
			LoadAssemblies (35ms)
			RebuildTransferFunctionScriptingTraits (0ms)
			SetupTypeCache (167ms)
			ReleaseScriptCaches (1ms)
			RebuildScriptCaches (30ms)
			SetupLoadedEditorAssemblies (251ms)
				LogAssemblyErrors (0ms)
				InitializePlatformSupportModulesInManaged (18ms)
				SetLoadedEditorAssemblies (0ms)
				RefreshPlugins (1ms)
				BeforeProcessingInitializeOnLoad (40ms)
				ProcessInitializeOnLoadAttributes (129ms)
				ProcessInitializeOnLoadMethodAttributes (61ms)
				AfterProcessingInitializeOnLoad (1ms)
				EditorAssembliesLoaded (0ms)
			ExecutionOrderSort2 (0ms)
			AwakeInstancesAfterBackupRestoration (3ms)
Platform modules already initialized, skipping
Refreshing native plugins compatible for Editor in 3.35 ms, found 3 plugins.
Preloading 0 native plugins for Editor in 0.00 ms.
Unloading 4340 Unused Serialized files (Serialized files now loaded: 0)
Unloading 63 unused Assets / (121.9 KB). Loaded Objects now: 4816.
Memory consumption went from 197.6 MB to 197.5 MB.
Total: 2.511500 ms (FindLiveObjects: 0.137750 ms CreateObjectMapping: 0.055000 ms MarkObjects: 2.200667 ms  DeleteObjects: 0.117208 ms)

Unloading 0 Unused Serialized files (Serialized files now loaded: 0)
Unloading 0 unused Assets / (29.6 KB). Loaded Objects now: 4816.
Memory consumption went from 197.5 MB to 197.5 MB.
Total: 2.119542 ms (FindLiveObjects: 0.103083 ms CreateObjectMapping: 0.052459 ms MarkObjects: 1.958791 ms  DeleteObjects: 0.004959 ms)

AssetImportParameters requested are different than current active one (requested -> active):
  custom:video-decoder-ogg-theora: a1e56fd34408186e4bbccfd4996cb3dc -> 
  custom:container-muxer-webm: aa71ff27fc2769a1b78a27578f13a17b -> 
  custom:container-demuxer-webm: 4f35f7cbe854078d1ac9338744f61a02 -> 
  custom:video-encoder-webm-vp8: eb34c28f22e8b96e1ab97ce403110664 -> 
  custom:framework-osx-AVFoundation: e770b220cccbd017edd2c1fefb359320 -> 
  custom:audio-encoder-webm-vorbis: bf7c407c2cedff20999df2af8eb42d56 -> 
  custom:container-demuxer-ogg: 62fdf1f143b41e24485cea50d1cbac27 -> 
  custom:video-decoder-webm-vp8: 9c59270c3fd7afecdb556c50c9e8de78 -> 
  custom:audio-decoder-ogg-vorbis: bf7c407c2cedff20999df2af8eb42d56 -> 
